<?xml version="1.0" encoding="utf-8"?>
<CoverageSession xmlns:xsd="http://www.w3.org/2001/XMLSchema" xmlns:xsi="http://www.w3.org/2001/XMLSchema-instance" Version="0.0.0.0">
  <Summary numSequencePoints="248" visitedSequencePoints="153" numBranchPoints="0" visitedBranchPoints="0" sequenceCoverage="61.69" branchCoverage="0.0" maxCyclomaticComplexity="0" minCyclomaticComplexity="0" maxCrapScore="0" minCrapScore="0" visitedClasses="11" numClasses="11" visitedMethods="42" numMethods="42" />
  <Modules>
    <Module>
      <Summary numSequencePoints="235" visitedSequencePoints="140" numBranchPoints="0" visitedBranchPoints="0" sequenceCoverage="59.57" branchCoverage="0.0" maxCyclomaticComplexity="0" minCyclomaticComplexity="0" maxCrapScore="0" minCrapScore="0" visitedClasses="10" numClasses="10" visitedMethods="41" numMethods="41" />
      <ModuleTime>0001-01-01T00:00:00</ModuleTime>
      <ModuleName>Script</ModuleName>
      <Files>
        <File uid="1" fullPath="C:/Users/Zakariya/Desktop/Tower-Defence-Game_forked/Assets/Scripts/Build_manager.cs" />
        <File uid="2" fullPath="C:/Users/Zakariya/Desktop/Tower-Defence-Game_forked/Assets/Scripts/Buttons.cs" />
        <File uid="3" fullPath="C:/Users/Zakariya/Desktop/Tower-Defence-Game_forked/Assets/Scripts/Enemies.cs" />
        <File uid="4" fullPath="C:/Users/Zakariya/Desktop/Tower-Defence-Game_forked/Assets/Scripts/EnemyTest.cs" />
        <File uid="5" fullPath="C:/Users/Zakariya/Desktop/Tower-Defence-Game_forked/Assets/Scripts/LevelManager.cs" />
        <File uid="6" fullPath="C:/Users/Zakariya/Desktop/Tower-Defence-Game_forked/Assets/Scripts/Menus.cs" />
        <File uid="7" fullPath="C:/Users/Zakariya/Desktop/Tower-Defence-Game_forked/Assets/Scripts/Mock/position_script_mock.cs" />
        <File uid="8" fullPath="C:/Users/Zakariya/Desktop/Tower-Defence-Game_forked/Assets/Scripts/position_script.cs" />
        <File uid="9" fullPath="C:/Users/Zakariya/Desktop/Tower-Defence-Game_forked/Assets/Scripts/Spawner.cs" />
        <File uid="10" fullPath="C:/Users/Zakariya/Desktop/Tower-Defence-Game_forked/Assets/Scripts/Test.cs" />
        <File uid="11" fullPath="C:/Users/Zakariya/Desktop/Tower-Defence-Game_forked/Assets/Scripts/TestWorldEnemy.cs" />
        <File uid="12" fullPath="C:/Users/Zakariya/Desktop/Tower-Defence-Game_forked/Assets/Scripts/TestWorldTower.cs" />
        <File uid="13" fullPath="C:/Users/Zakariya/Desktop/Tower-Defence-Game_forked/Assets/Scripts/TowerScripts/Ammo.cs" />
        <File uid="14" fullPath="C:/Users/Zakariya/Desktop/Tower-Defence-Game_forked/Assets/Scripts/TowerScripts/MultipleBarrels.cs" />
        <File uid="15" fullPath="C:/Users/Zakariya/Desktop/Tower-Defence-Game_forked/Assets/Scripts/TowerScripts/OneBarrel.cs" />
        <File uid="16" fullPath="C:/Users/Zakariya/Desktop/Tower-Defence-Game_forked/Assets/Scripts/TowerScripts/RocketStage3.cs" />
        <File uid="17" fullPath="C:/Users/Zakariya/Desktop/Tower-Defence-Game_forked/Assets/Scripts/TowerScripts/RocketStageTwo.cs" />
        <File uid="18" fullPath="C:/Users/Zakariya/Desktop/Tower-Defence-Game_forked/Assets/Scripts/TowerScripts/Towers.cs" />
      </Files>
      <Classes>
        <Class>
          <Summary numSequencePoints="11" visitedSequencePoints="11" numBranchPoints="0" visitedBranchPoints="0" sequenceCoverage="100.0" branchCoverage="0.0" maxCyclomaticComplexity="0" minCyclomaticComplexity="0" maxCrapScore="0" minCrapScore="0" visitedClasses="1" numClasses="1" visitedMethods="5" numMethods="5" />
          <FullName>BuildManager</FullName>
          <Methods>
            <Method visited="true" cyclomaticComplexity="0" nPathComplexity="0" sequenceCoverage="100.0" branchCoverage="0" crapScore="0" isConstructor="false" isStatic="false" isGetter="false" isSetter="false">
              <Summary numSequencePoints="2" visitedSequencePoints="2" numBranchPoints="0" visitedBranchPoints="0" sequenceCoverage="100.0" branchCoverage="0" maxCyclomaticComplexity="0" minCyclomaticComplexity="0" maxCrapScore="0" minCrapScore="0" visitedClasses="0" numClasses="0" visitedMethods="1" numMethods="1" />
              <MetadataToken>100663297</MetadataToken>
              <Name>System.Void BuildManager::Start()</Name>
              <FileRef uid="1" />
              <SequencePoints>
                <SequencePoint vc="1" uspid="692" ordinal="0" offset="0" sl="18" sc="5" el="18" ec="5" bec="0" bev="0" fileid="1" />
                <SequencePoint vc="1" uspid="693" ordinal="0" offset="1" sl="20" sc="5" el="20" ec="5" bec="0" bev="0" fileid="1" />
              </SequencePoints>
              <BranchPoints />
            </Method>
            <Method visited="true" cyclomaticComplexity="0" nPathComplexity="0" sequenceCoverage="100.0" branchCoverage="0" crapScore="0" isConstructor="false" isStatic="false" isGetter="false" isSetter="false">
              <Summary numSequencePoints="2" visitedSequencePoints="2" numBranchPoints="0" visitedBranchPoints="0" sequenceCoverage="100.0" branchCoverage="0" maxCyclomaticComplexity="0" minCyclomaticComplexity="0" maxCrapScore="0" minCrapScore="0" visitedClasses="0" numClasses="0" visitedMethods="1" numMethods="1" />
              <MetadataToken>100663300</MetadataToken>
              <Name>System.Void BuildManager::Update()</Name>
              <FileRef uid="1" />
              <SequencePoints>
                <SequencePoint vc="1" uspid="709" ordinal="0" offset="0" sl="50" sc="5" el="50" ec="5" bec="0" bev="0" fileid="1" />
                <SequencePoint vc="1" uspid="710" ordinal="0" offset="1" sl="52" sc="5" el="52" ec="5" bec="0" bev="0" fileid="1" />
              </SequencePoints>
              <BranchPoints />
            </Method>
            <Method visited="true" cyclomaticComplexity="0" nPathComplexity="0" sequenceCoverage="100.0" branchCoverage="0" crapScore="0" isConstructor="false" isStatic="false" isGetter="false" isSetter="false">
              <Summary numSequencePoints="3" visitedSequencePoints="3" numBranchPoints="0" visitedBranchPoints="0" sequenceCoverage="100.0" branchCoverage="0" maxCyclomaticComplexity="0" minCyclomaticComplexity="0" maxCrapScore="0" minCrapScore="0" visitedClasses="0" numClasses="0" visitedMethods="1" numMethods="1" />
              <MetadataToken>100663301</MetadataToken>
              <Name>System.Void BuildManager::Awake()</Name>
              <FileRef uid="1" />
              <SequencePoints>
                <SequencePoint vc="1" uspid="711" ordinal="0" offset="0" sl="56" sc="5" el="56" ec="5" bec="0" bev="0" fileid="1" />
                <SequencePoint vc="1" uspid="712" ordinal="0" offset="1" sl="57" sc="9" el="57" ec="9" bec="0" bev="0" fileid="1" />
                <SequencePoint vc="1" uspid="713" ordinal="0" offset="7" sl="58" sc="5" el="58" ec="5" bec="0" bev="0" fileid="1" />
              </SequencePoints>
              <BranchPoints />
            </Method>
            <Method visited="true" cyclomaticComplexity="0" nPathComplexity="0" sequenceCoverage="100.0" branchCoverage="0" crapScore="0" isConstructor="false" isStatic="false" isGetter="false" isSetter="false">
              <Summary numSequencePoints="3" visitedSequencePoints="3" numBranchPoints="0" visitedBranchPoints="0" sequenceCoverage="100.0" branchCoverage="0" maxCyclomaticComplexity="0" minCyclomaticComplexity="0" maxCrapScore="0" minCrapScore="0" visitedClasses="0" numClasses="0" visitedMethods="1" numMethods="1" />
              <MetadataToken>100663302</MetadataToken>
              <Name>UnityEngine.GameObject BuildManager::GetTower()</Name>
              <FileRef uid="1" />
              <SequencePoints>
                <SequencePoint vc="1" uspid="714" ordinal="0" offset="0" sl="63" sc="5" el="63" ec="5" bec="0" bev="0" fileid="1" />
                <SequencePoint vc="1" uspid="715" ordinal="0" offset="1" sl="64" sc="9" el="64" ec="9" bec="0" bev="0" fileid="1" />
                <SequencePoint vc="1" uspid="716" ordinal="0" offset="17" sl="65" sc="5" el="65" ec="5" bec="0" bev="0" fileid="1" />
              </SequencePoints>
              <BranchPoints />
            </Method>
            <Method visited="true" cyclomaticComplexity="0" nPathComplexity="0" sequenceCoverage="100.0" branchCoverage="0" crapScore="0" isConstructor="true" isStatic="false" isGetter="false" isSetter="false">
              <Summary numSequencePoints="1" visitedSequencePoints="1" numBranchPoints="0" visitedBranchPoints="0" sequenceCoverage="100.0" branchCoverage="0" maxCyclomaticComplexity="0" minCyclomaticComplexity="0" maxCrapScore="0" minCrapScore="0" visitedClasses="0" numClasses="0" visitedMethods="1" numMethods="1" />
              <MetadataToken>100663304</MetadataToken>
              <Name>BuildManager::BuildManager()</Name>
              <FileRef uid="1" />
              <SequencePoints>
                <SequencePoint vc="1" uspid="720" ordinal="0" offset="0" sl="14" sc="5" el="14" ec="5" bec="0" bev="0" fileid="1" />
              </SequencePoints>
              <BranchPoints />
            </Method>
          </Methods>
        </Class>
        <Class>
          <Summary numSequencePoints="69" visitedSequencePoints="22" numBranchPoints="0" visitedBranchPoints="0" sequenceCoverage="31.88" branchCoverage="0.0" maxCyclomaticComplexity="0" minCyclomaticComplexity="0" maxCrapScore="0" minCrapScore="0" visitedClasses="1" numClasses="1" visitedMethods="6" numMethods="6" />
          <FullName>Enemies</FullName>
          <Methods>
            <Method visited="true" cyclomaticComplexity="0" nPathComplexity="0" sequenceCoverage="87.50" branchCoverage="0" crapScore="0" isConstructor="false" isStatic="false" isGetter="false" isSetter="false">
              <Summary numSequencePoints="8" visitedSequencePoints="7" numBranchPoints="0" visitedBranchPoints="0" sequenceCoverage="87.50" branchCoverage="0" maxCyclomaticComplexity="0" minCyclomaticComplexity="0" maxCrapScore="0" minCrapScore="0" visitedClasses="0" numClasses="0" visitedMethods="1" numMethods="1" />
              <MetadataToken>100663308</MetadataToken>
              <Name>System.Void Enemies::Awake()</Name>
              <FileRef uid="3" />
              <SequencePoints>
                <SequencePoint vc="1" uspid="725" ordinal="0" offset="0" sl="42" sc="5" el="42" ec="5" bec="0" bev="0" fileid="3" />
                <SequencePoint vc="1" uspid="726" ordinal="0" offset="1" sl="43" sc="9" el="43" ec="9" bec="0" bev="0" fileid="3" />
                <SequencePoint vc="1" uspid="727" ordinal="0" offset="13" sl="44" sc="9" el="44" ec="9" bec="0" bev="0" fileid="3" />
                <SequencePoint vc="1" uspid="728" ordinal="0" offset="30" sl="45" sc="9" el="45" ec="9" bec="0" bev="0" fileid="3" />
                <SequencePoint vc="1" uspid="729" ordinal="0" offset="42" sl="47" sc="9" el="47" ec="9" bec="0" bev="0" fileid="3" />
                <SequencePoint vc="1" uspid="730" ordinal="0" offset="56" sl="48" sc="13" el="48" ec="13" bec="0" bev="0" fileid="3" />
                <SequencePoint vc="0" uspid="731" ordinal="0" offset="74" sl="50" sc="13" el="50" ec="13" bec="0" bev="0" fileid="3" />
                <SequencePoint vc="1" uspid="732" ordinal="0" offset="90" sl="53" sc="5" el="53" ec="5" bec="0" bev="0" fileid="3" />
              </SequencePoints>
              <BranchPoints />
            </Method>
            <Method visited="true" cyclomaticComplexity="0" nPathComplexity="0" sequenceCoverage="8.82" branchCoverage="0" crapScore="0" isConstructor="false" isStatic="false" isGetter="false" isSetter="false">
              <Summary numSequencePoints="34" visitedSequencePoints="3" numBranchPoints="0" visitedBranchPoints="0" sequenceCoverage="8.82" branchCoverage="0" maxCyclomaticComplexity="0" minCyclomaticComplexity="0" maxCrapScore="0" minCrapScore="0" visitedClasses="0" numClasses="0" visitedMethods="1" numMethods="1" />
              <MetadataToken>100663310</MetadataToken>
              <Name>System.Void Enemies::Update()</Name>
              <FileRef uid="3" />
              <SequencePoints>
                <SequencePoint vc="1" uspid="741" ordinal="0" offset="0" sl="67" sc="5" el="67" ec="5" bec="0" bev="0" fileid="3" />
                <SequencePoint vc="1" uspid="742" ordinal="0" offset="1" sl="68" sc="9" el="68" ec="9" bec="0" bev="0" fileid="3" />
                <SequencePoint vc="1" uspid="743" ordinal="0" offset="8" sl="69" sc="9" el="69" ec="9" bec="0" bev="0" fileid="3" />
                <SequencePoint vc="0" uspid="744" ordinal="0" offset="62" sl="70" sc="9" el="70" ec="9" bec="0" bev="0" fileid="3" />
                <SequencePoint vc="0" uspid="745" ordinal="0" offset="63" sl="71" sc="13" el="71" ec="13" bec="0" bev="0" fileid="3" />
                <SequencePoint vc="0" uspid="746" ordinal="0" offset="77" sl="74" sc="13" el="74" ec="13" bec="0" bev="0" fileid="3" />
                <SequencePoint vc="0" uspid="747" ordinal="0" offset="97" sl="75" sc="13" el="75" ec="13" bec="0" bev="0" fileid="3" />
                <SequencePoint vc="0" uspid="748" ordinal="0" offset="98" sl="76" sc="17" el="76" ec="17" bec="0" bev="0" fileid="3" />
                <SequencePoint vc="0" uspid="749" ordinal="0" offset="115" sl="77" sc="17" el="77" ec="17" bec="0" bev="0" fileid="3" />
                <SequencePoint vc="0" uspid="750" ordinal="0" offset="126" sl="78" sc="17" el="78" ec="17" bec="0" bev="0" fileid="3" />
                <SequencePoint vc="0" uspid="751" ordinal="0" offset="138" sl="79" sc="17" el="79" ec="17" bec="0" bev="0" fileid="3" />
                <SequencePoint vc="0" uspid="752" ordinal="0" offset="143" sl="82" sc="13" el="82" ec="13" bec="0" bev="0" fileid="3" />
                <SequencePoint vc="0" uspid="753" ordinal="0" offset="162" sl="84" sc="13" el="84" ec="13" bec="0" bev="0" fileid="3" />
                <SequencePoint vc="0" uspid="754" ordinal="0" offset="203" sl="86" sc="13" el="86" ec="13" bec="0" bev="0" fileid="3" />
                <SequencePoint vc="0" uspid="755" ordinal="0" offset="233" sl="87" sc="13" el="87" ec="13" bec="0" bev="0" fileid="3" />
                <SequencePoint vc="0" uspid="756" ordinal="0" offset="234" sl="88" sc="17" el="88" ec="17" bec="0" bev="0" fileid="3" />
                <SequencePoint vc="0" uspid="757" ordinal="0" offset="253" sl="89" sc="17" el="89" ec="17" bec="0" bev="0" fileid="3" />
                <SequencePoint vc="0" uspid="758" ordinal="0" offset="254" sl="91" sc="21" el="91" ec="21" bec="0" bev="0" fileid="3" />
                <SequencePoint vc="0" uspid="759" ordinal="0" offset="266" sl="92" sc="17" el="92" ec="17" bec="0" bev="0" fileid="3" />
                <SequencePoint vc="0" uspid="760" ordinal="0" offset="269" sl="94" sc="17" el="94" ec="17" bec="0" bev="0" fileid="3" />
                <SequencePoint vc="0" uspid="761" ordinal="0" offset="270" sl="96" sc="21" el="96" ec="21" bec="0" bev="0" fileid="3" />
                <SequencePoint vc="0" uspid="762" ordinal="0" offset="282" sl="97" sc="17" el="97" ec="17" bec="0" bev="0" fileid="3" />
                <SequencePoint vc="0" uspid="763" ordinal="0" offset="283" sl="98" sc="13" el="98" ec="13" bec="0" bev="0" fileid="3" />
                <SequencePoint vc="0" uspid="764" ordinal="0" offset="286" sl="100" sc="13" el="100" ec="13" bec="0" bev="0" fileid="3" />
                <SequencePoint vc="0" uspid="765" ordinal="0" offset="287" sl="101" sc="17" el="101" ec="17" bec="0" bev="0" fileid="3" />
                <SequencePoint vc="0" uspid="766" ordinal="0" offset="306" sl="102" sc="17" el="102" ec="17" bec="0" bev="0" fileid="3" />
                <SequencePoint vc="0" uspid="767" ordinal="0" offset="307" sl="104" sc="21" el="104" ec="21" bec="0" bev="0" fileid="3" />
                <SequencePoint vc="0" uspid="768" ordinal="0" offset="319" sl="105" sc="17" el="105" ec="17" bec="0" bev="0" fileid="3" />
                <SequencePoint vc="0" uspid="769" ordinal="0" offset="322" sl="107" sc="17" el="107" ec="17" bec="0" bev="0" fileid="3" />
                <SequencePoint vc="0" uspid="770" ordinal="0" offset="323" sl="108" sc="21" el="108" ec="21" bec="0" bev="0" fileid="3" />
                <SequencePoint vc="0" uspid="771" ordinal="0" offset="335" sl="110" sc="17" el="110" ec="17" bec="0" bev="0" fileid="3" />
                <SequencePoint vc="0" uspid="772" ordinal="0" offset="336" sl="111" sc="13" el="111" ec="13" bec="0" bev="0" fileid="3" />
                <SequencePoint vc="0" uspid="773" ordinal="0" offset="337" sl="112" sc="9" el="112" ec="9" bec="0" bev="0" fileid="3" />
                <SequencePoint vc="0" uspid="774" ordinal="0" offset="338" sl="113" sc="5" el="113" ec="5" bec="0" bev="0" fileid="3" />
              </SequencePoints>
              <BranchPoints />
            </Method>
            <Method visited="true" cyclomaticComplexity="0" nPathComplexity="0" sequenceCoverage="35.29" branchCoverage="0" crapScore="0" isConstructor="false" isStatic="false" isGetter="false" isSetter="false">
              <Summary numSequencePoints="17" visitedSequencePoints="6" numBranchPoints="0" visitedBranchPoints="0" sequenceCoverage="35.29" branchCoverage="0" maxCyclomaticComplexity="0" minCyclomaticComplexity="0" maxCrapScore="0" minCrapScore="0" visitedClasses="0" numClasses="0" visitedMethods="1" numMethods="1" />
              <MetadataToken>100663311</MetadataToken>
              <Name>System.Void Enemies::HealthBarChange()</Name>
              <FileRef uid="3" />
              <SequencePoints>
                <SequencePoint vc="1" uspid="775" ordinal="0" offset="0" sl="116" sc="5" el="116" ec="5" bec="0" bev="0" fileid="3" />
                <SequencePoint vc="1" uspid="776" ordinal="0" offset="1" sl="117" sc="9" el="117" ec="9" bec="0" bev="0" fileid="3" />
                <SequencePoint vc="1" uspid="777" ordinal="0" offset="15" sl="118" sc="9" el="118" ec="9" bec="0" bev="0" fileid="3" />
                <SequencePoint vc="0" uspid="778" ordinal="0" offset="30" sl="119" sc="9" el="119" ec="9" bec="0" bev="0" fileid="3" />
                <SequencePoint vc="0" uspid="779" ordinal="0" offset="31" sl="120" sc="13" el="120" ec="13" bec="0" bev="0" fileid="3" />
                <SequencePoint vc="0" uspid="780" ordinal="0" offset="42" sl="121" sc="13" el="121" ec="13" bec="0" bev="0" fileid="3" />
                <SequencePoint vc="0" uspid="781" ordinal="0" offset="59" sl="122" sc="13" el="122" ec="13" bec="0" bev="0" fileid="3" />
                <SequencePoint vc="0" uspid="782" ordinal="0" offset="71" sl="123" sc="13" el="123" ec="13" bec="0" bev="0" fileid="3" />
                <SequencePoint vc="1" uspid="783" ordinal="0" offset="73" sl="125" sc="14" el="125" ec="14" bec="0" bev="0" fileid="3" />
                <SequencePoint vc="0" uspid="784" ordinal="0" offset="88" sl="126" sc="9" el="126" ec="9" bec="0" bev="0" fileid="3" />
                <SequencePoint vc="0" uspid="785" ordinal="0" offset="89" sl="127" sc="13" el="127" ec="13" bec="0" bev="0" fileid="3" />
                <SequencePoint vc="0" uspid="786" ordinal="0" offset="106" sl="128" sc="9" el="128" ec="9" bec="0" bev="0" fileid="3" />
                <SequencePoint vc="1" uspid="787" ordinal="0" offset="109" sl="129" sc="14" el="129" ec="14" bec="0" bev="0" fileid="3" />
                <SequencePoint vc="0" uspid="788" ordinal="0" offset="124" sl="130" sc="9" el="130" ec="9" bec="0" bev="0" fileid="3" />
                <SequencePoint vc="0" uspid="789" ordinal="0" offset="125" sl="131" sc="13" el="131" ec="13" bec="0" bev="0" fileid="3" />
                <SequencePoint vc="0" uspid="790" ordinal="0" offset="142" sl="132" sc="9" el="132" ec="9" bec="0" bev="0" fileid="3" />
                <SequencePoint vc="1" uspid="791" ordinal="0" offset="143" sl="133" sc="5" el="133" ec="5" bec="0" bev="0" fileid="3" />
              </SequencePoints>
              <BranchPoints />
            </Method>
            <Method visited="true" cyclomaticComplexity="0" nPathComplexity="0" sequenceCoverage="50.00" branchCoverage="0" crapScore="0" isConstructor="false" isStatic="false" isGetter="false" isSetter="false">
              <Summary numSequencePoints="4" visitedSequencePoints="2" numBranchPoints="0" visitedBranchPoints="0" sequenceCoverage="50.00" branchCoverage="0" maxCyclomaticComplexity="0" minCyclomaticComplexity="0" maxCrapScore="0" minCrapScore="0" visitedClasses="0" numClasses="0" visitedMethods="1" numMethods="1" />
              <MetadataToken>100663312</MetadataToken>
              <Name>System.Void Enemies::Start()</Name>
              <FileRef uid="3" />
              <SequencePoints>
                <SequencePoint vc="1" uspid="792" ordinal="0" offset="0" sl="136" sc="5" el="136" ec="5" bec="0" bev="0" fileid="3" />
                <SequencePoint vc="1" uspid="793" ordinal="0" offset="1" sl="137" sc="9" el="137" ec="9" bec="0" bev="0" fileid="3" />
                <SequencePoint vc="0" uspid="794" ordinal="0" offset="24" sl="138" sc="9" el="138" ec="9" bec="0" bev="0" fileid="3" />
                <SequencePoint vc="0" uspid="795" ordinal="0" offset="46" sl="139" sc="5" el="139" ec="5" bec="0" bev="0" fileid="3" />
              </SequencePoints>
              <BranchPoints />
            </Method>
            <Method visited="true" cyclomaticComplexity="0" nPathComplexity="0" sequenceCoverage="50.00" branchCoverage="0" crapScore="0" isConstructor="false" isStatic="false" isGetter="false" isSetter="false">
              <Summary numSequencePoints="4" visitedSequencePoints="2" numBranchPoints="0" visitedBranchPoints="0" sequenceCoverage="50.00" branchCoverage="0" maxCyclomaticComplexity="0" minCyclomaticComplexity="0" maxCrapScore="0" minCrapScore="0" visitedClasses="0" numClasses="0" visitedMethods="1" numMethods="1" />
              <MetadataToken>100663313</MetadataToken>
              <Name>System.Void Enemies::FixedUpdate()</Name>
              <FileRef uid="3" />
              <SequencePoints>
                <SequencePoint vc="1" uspid="796" ordinal="0" offset="0" sl="142" sc="5" el="142" ec="5" bec="0" bev="0" fileid="3" />
                <SequencePoint vc="1" uspid="797" ordinal="0" offset="1" sl="143" sc="9" el="143" ec="9" bec="0" bev="0" fileid="3" />
                <SequencePoint vc="0" uspid="798" ordinal="0" offset="42" sl="144" sc="9" el="144" ec="9" bec="0" bev="0" fileid="3" />
                <SequencePoint vc="0" uspid="799" ordinal="0" offset="66" sl="145" sc="5" el="145" ec="5" bec="0" bev="0" fileid="3" />
              </SequencePoints>
              <BranchPoints />
            </Method>
            <Method visited="true" cyclomaticComplexity="0" nPathComplexity="0" sequenceCoverage="100.0" branchCoverage="0" crapScore="0" isConstructor="true" isStatic="false" isGetter="false" isSetter="false">
              <Summary numSequencePoints="2" visitedSequencePoints="2" numBranchPoints="0" visitedBranchPoints="0" sequenceCoverage="100.0" branchCoverage="0" maxCyclomaticComplexity="0" minCyclomaticComplexity="0" maxCrapScore="0" minCrapScore="0" visitedClasses="0" numClasses="0" visitedMethods="1" numMethods="1" />
              <MetadataToken>100663315</MetadataToken>
              <Name>Enemies::Enemies()</Name>
              <FileRef uid="3" />
              <SequencePoints>
                <SequencePoint vc="1" uspid="804" ordinal="0" offset="0" sl="22" sc="5" el="22" ec="5" bec="0" bev="0" fileid="3" />
                <SequencePoint vc="1" uspid="805" ordinal="0" offset="7" sl="36" sc="5" el="36" ec="5" bec="0" bev="0" fileid="3" />
              </SequencePoints>
              <BranchPoints />
            </Method>
          </Methods>
        </Class>
        <Class>
          <Summary numSequencePoints="29" visitedSequencePoints="23" numBranchPoints="0" visitedBranchPoints="0" sequenceCoverage="79.31" branchCoverage="0.0" maxCyclomaticComplexity="0" minCyclomaticComplexity="0" maxCrapScore="0" minCrapScore="0" visitedClasses="1" numClasses="1" visitedMethods="4" numMethods="4" />
          <FullName>LevelManager</FullName>
          <Methods>
            <Method visited="true" cyclomaticComplexity="0" nPathComplexity="0" sequenceCoverage="100.0" branchCoverage="0" crapScore="0" isConstructor="false" isStatic="false" isGetter="false" isSetter="false">
              <Summary numSequencePoints="3" visitedSequencePoints="3" numBranchPoints="0" visitedBranchPoints="0" sequenceCoverage="100.0" branchCoverage="0" maxCyclomaticComplexity="0" minCyclomaticComplexity="0" maxCrapScore="0" minCrapScore="0" visitedClasses="0" numClasses="0" visitedMethods="1" numMethods="1" />
              <MetadataToken>100663321</MetadataToken>
              <Name>System.Void LevelManager::Awake()</Name>
              <FileRef uid="5" />
              <SequencePoints>
                <SequencePoint vc="2" uspid="834" ordinal="0" offset="0" sl="23" sc="5" el="23" ec="5" bec="0" bev="0" fileid="5" />
                <SequencePoint vc="2" uspid="835" ordinal="0" offset="1" sl="24" sc="9" el="24" ec="9" bec="0" bev="0" fileid="5" />
                <SequencePoint vc="2" uspid="836" ordinal="0" offset="7" sl="25" sc="5" el="25" ec="5" bec="0" bev="0" fileid="5" />
              </SequencePoints>
              <BranchPoints />
            </Method>
            <Method visited="true" cyclomaticComplexity="0" nPathComplexity="0" sequenceCoverage="100.0" branchCoverage="0" crapScore="0" isConstructor="false" isStatic="false" isGetter="false" isSetter="false">
              <Summary numSequencePoints="8" visitedSequencePoints="8" numBranchPoints="0" visitedBranchPoints="0" sequenceCoverage="100.0" branchCoverage="0" maxCyclomaticComplexity="0" minCyclomaticComplexity="0" maxCrapScore="0" minCrapScore="0" visitedClasses="0" numClasses="0" visitedMethods="1" numMethods="1" />
              <MetadataToken>100663322</MetadataToken>
              <Name>System.Void LevelManager::Start()</Name>
              <FileRef uid="5" />
              <SequencePoints>
                <SequencePoint vc="2" uspid="837" ordinal="0" offset="0" sl="29" sc="5" el="29" ec="5" bec="0" bev="0" fileid="5" />
                <SequencePoint vc="2" uspid="838" ordinal="0" offset="1" sl="30" sc="9" el="30" ec="9" bec="0" bev="0" fileid="5" />
                <SequencePoint vc="2" uspid="839" ordinal="0" offset="12" sl="32" sc="9" el="32" ec="9" bec="0" bev="0" fileid="5" />
                <SequencePoint vc="2" uspid="840" ordinal="0" offset="28" sl="33" sc="9" el="33" ec="9" bec="0" bev="0" fileid="5" />
                <SequencePoint vc="2" uspid="841" ordinal="0" offset="29" sl="34" sc="13" el="34" ec="13" bec="0" bev="0" fileid="5" />
                <SequencePoint vc="2" uspid="842" ordinal="0" offset="41" sl="35" sc="13" el="35" ec="13" bec="0" bev="0" fileid="5" />
                <SequencePoint vc="2" uspid="843" ordinal="0" offset="53" sl="36" sc="9" el="36" ec="9" bec="0" bev="0" fileid="5" />
                <SequencePoint vc="2" uspid="844" ordinal="0" offset="54" sl="37" sc="5" el="37" ec="5" bec="0" bev="0" fileid="5" />
              </SequencePoints>
              <BranchPoints />
            </Method>
            <Method visited="true" cyclomaticComplexity="0" nPathComplexity="0" sequenceCoverage="66.67" branchCoverage="0" crapScore="0" isConstructor="false" isStatic="false" isGetter="false" isSetter="false">
              <Summary numSequencePoints="9" visitedSequencePoints="6" numBranchPoints="0" visitedBranchPoints="0" sequenceCoverage="66.67" branchCoverage="0" maxCyclomaticComplexity="0" minCyclomaticComplexity="0" maxCrapScore="0" minCrapScore="0" visitedClasses="0" numClasses="0" visitedMethods="1" numMethods="1" />
              <MetadataToken>100663323</MetadataToken>
              <Name>System.Void LevelManager::Update()</Name>
              <FileRef uid="5" />
              <SequencePoints>
                <SequencePoint vc="2" uspid="845" ordinal="0" offset="0" sl="41" sc="5" el="41" ec="5" bec="0" bev="0" fileid="5" />
                <SequencePoint vc="2" uspid="846" ordinal="0" offset="1" sl="42" sc="9" el="42" ec="9" bec="0" bev="0" fileid="5" />
                <SequencePoint vc="1" uspid="847" ordinal="0" offset="17" sl="43" sc="9" el="43" ec="9" bec="0" bev="0" fileid="5" />
                <SequencePoint vc="1" uspid="848" ordinal="0" offset="18" sl="45" sc="9" el="45" ec="9" bec="0" bev="0" fileid="5" />
                <SequencePoint vc="2" uspid="849" ordinal="0" offset="19" sl="47" sc="9" el="47" ec="9" bec="0" bev="0" fileid="5" />
                <SequencePoint vc="0" uspid="850" ordinal="0" offset="32" sl="48" sc="9" el="48" ec="9" bec="0" bev="0" fileid="5" />
                <SequencePoint vc="0" uspid="851" ordinal="0" offset="33" sl="49" sc="13" el="49" ec="13" bec="0" bev="0" fileid="5" />
                <SequencePoint vc="0" uspid="852" ordinal="0" offset="39" sl="50" sc="9" el="50" ec="9" bec="0" bev="0" fileid="5" />
                <SequencePoint vc="2" uspid="853" ordinal="0" offset="40" sl="51" sc="5" el="51" ec="5" bec="0" bev="0" fileid="5" />
              </SequencePoints>
              <BranchPoints />
            </Method>
            <Method visited="true" cyclomaticComplexity="0" nPathComplexity="0" sequenceCoverage="66.67" branchCoverage="0" crapScore="0" isConstructor="false" isStatic="false" isGetter="false" isSetter="false">
              <Summary numSequencePoints="9" visitedSequencePoints="6" numBranchPoints="0" visitedBranchPoints="0" sequenceCoverage="66.67" branchCoverage="0" maxCyclomaticComplexity="0" minCyclomaticComplexity="0" maxCrapScore="0" minCrapScore="0" visitedClasses="0" numClasses="0" visitedMethods="1" numMethods="1" />
              <MetadataToken>100663325</MetadataToken>
              <Name>System.Boolean LevelManager::Spend(System.Int32)</Name>
              <FileRef uid="5" />
              <SequencePoints>
                <SequencePoint vc="1" uspid="857" ordinal="0" offset="0" sl="59" sc="5" el="59" ec="5" bec="0" bev="0" fileid="5" />
                <SequencePoint vc="1" uspid="858" ordinal="0" offset="1" sl="60" sc="9" el="60" ec="9" bec="0" bev="0" fileid="5" />
                <SequencePoint vc="0" uspid="859" ordinal="0" offset="14" sl="61" sc="9" el="61" ec="9" bec="0" bev="0" fileid="5" />
                <SequencePoint vc="0" uspid="860" ordinal="0" offset="15" sl="62" sc="13" el="62" ec="13" bec="0" bev="0" fileid="5" />
                <SequencePoint vc="0" uspid="861" ordinal="0" offset="26" sl="63" sc="13" el="63" ec="13" bec="0" bev="0" fileid="5" />
                <SequencePoint vc="1" uspid="862" ordinal="0" offset="30" sl="66" sc="9" el="66" ec="9" bec="0" bev="0" fileid="5" />
                <SequencePoint vc="1" uspid="863" ordinal="0" offset="31" sl="67" sc="13" el="67" ec="13" bec="0" bev="0" fileid="5" />
                <SequencePoint vc="1" uspid="864" ordinal="0" offset="45" sl="68" sc="13" el="68" ec="13" bec="0" bev="0" fileid="5" />
                <SequencePoint vc="1" uspid="865" ordinal="0" offset="49" sl="70" sc="5" el="70" ec="5" bec="0" bev="0" fileid="5" />
              </SequencePoints>
              <BranchPoints />
            </Method>
          </Methods>
        </Class>
        <Class>
          <Summary numSequencePoints="5" visitedSequencePoints="5" numBranchPoints="0" visitedBranchPoints="0" sequenceCoverage="100.0" branchCoverage="0.0" maxCyclomaticComplexity="0" minCyclomaticComplexity="0" maxCrapScore="0" minCrapScore="0" visitedClasses="1" numClasses="1" visitedMethods="3" numMethods="3" />
          <FullName>Menus</FullName>
          <Methods>
            <Method visited="true" cyclomaticComplexity="0" nPathComplexity="0" sequenceCoverage="100.0" branchCoverage="0" crapScore="0" isConstructor="false" isStatic="false" isGetter="false" isSetter="false">
              <Summary numSequencePoints="2" visitedSequencePoints="2" numBranchPoints="0" visitedBranchPoints="0" sequenceCoverage="100.0" branchCoverage="0" maxCyclomaticComplexity="0" minCyclomaticComplexity="0" maxCrapScore="0" minCrapScore="0" visitedClasses="0" numClasses="0" visitedMethods="1" numMethods="1" />
              <MetadataToken>100663331</MetadataToken>
              <Name>System.Void Menus::Start()</Name>
              <FileRef uid="6" />
              <SequencePoints>
                <SequencePoint vc="1" uspid="878" ordinal="0" offset="0" sl="41" sc="5" el="41" ec="5" bec="0" bev="0" fileid="6" />
                <SequencePoint vc="1" uspid="879" ordinal="0" offset="1" sl="43" sc="5" el="43" ec="5" bec="0" bev="0" fileid="6" />
              </SequencePoints>
              <BranchPoints />
            </Method>
            <Method visited="true" cyclomaticComplexity="0" nPathComplexity="0" sequenceCoverage="100.0" branchCoverage="0" crapScore="0" isConstructor="false" isStatic="false" isGetter="false" isSetter="false">
              <Summary numSequencePoints="2" visitedSequencePoints="2" numBranchPoints="0" visitedBranchPoints="0" sequenceCoverage="100.0" branchCoverage="0" maxCyclomaticComplexity="0" minCyclomaticComplexity="0" maxCrapScore="0" minCrapScore="0" visitedClasses="0" numClasses="0" visitedMethods="1" numMethods="1" />
              <MetadataToken>100663332</MetadataToken>
              <Name>System.Void Menus::Update()</Name>
              <FileRef uid="6" />
              <SequencePoints>
                <SequencePoint vc="1" uspid="880" ordinal="0" offset="0" sl="47" sc="5" el="47" ec="5" bec="0" bev="0" fileid="6" />
                <SequencePoint vc="1" uspid="881" ordinal="0" offset="1" sl="49" sc="5" el="49" ec="5" bec="0" bev="0" fileid="6" />
              </SequencePoints>
              <BranchPoints />
            </Method>
            <Method visited="true" cyclomaticComplexity="0" nPathComplexity="0" sequenceCoverage="100.0" branchCoverage="0" crapScore="0" isConstructor="true" isStatic="false" isGetter="false" isSetter="false">
              <Summary numSequencePoints="1" visitedSequencePoints="1" numBranchPoints="0" visitedBranchPoints="0" sequenceCoverage="100.0" branchCoverage="0" maxCyclomaticComplexity="0" minCyclomaticComplexity="0" maxCrapScore="0" minCrapScore="0" visitedClasses="0" numClasses="0" visitedMethods="1" numMethods="1" />
              <MetadataToken>100663333</MetadataToken>
              <Name>Menus::Menus()</Name>
              <FileRef uid="6" />
              <SequencePoints>
                <SequencePoint vc="1" uspid="882" ordinal="0" offset="0" sl="15" sc="5" el="15" ec="5" bec="0" bev="0" fileid="6" />
              </SequencePoints>
              <BranchPoints />
            </Method>
          </Methods>
        </Class>
        <Class>
          <Summary numSequencePoints="36" visitedSequencePoints="23" numBranchPoints="0" visitedBranchPoints="0" sequenceCoverage="63.89" branchCoverage="0.0" maxCyclomaticComplexity="0" minCyclomaticComplexity="0" maxCrapScore="0" minCrapScore="0" visitedClasses="1" numClasses="1" visitedMethods="3" numMethods="3" />
          <FullName>position_script_mock</FullName>
          <Methods>
            <Method visited="true" cyclomaticComplexity="0" nPathComplexity="0" sequenceCoverage="100.0" branchCoverage="0" crapScore="0" isConstructor="false" isStatic="false" isGetter="false" isSetter="false">
              <Summary numSequencePoints="3" visitedSequencePoints="3" numBranchPoints="0" visitedBranchPoints="0" sequenceCoverage="100.0" branchCoverage="0" maxCyclomaticComplexity="0" minCyclomaticComplexity="0" maxCrapScore="0" minCrapScore="0" visitedClasses="0" numClasses="0" visitedMethods="1" numMethods="1" />
              <MetadataToken>100663334</MetadataToken>
              <Name>System.Void position_script_mock::Start()</Name>
              <FileRef uid="7" />
              <SequencePoints>
                <SequencePoint vc="1" uspid="883" ordinal="0" offset="0" sl="23" sc="5" el="23" ec="5" bec="0" bev="0" fileid="7" />
                <SequencePoint vc="1" uspid="884" ordinal="0" offset="1" sl="24" sc="9" el="24" ec="9" bec="0" bev="0" fileid="7" />
                <SequencePoint vc="1" uspid="885" ordinal="0" offset="18" sl="25" sc="5" el="25" ec="5" bec="0" bev="0" fileid="7" />
              </SequencePoints>
              <BranchPoints />
            </Method>
            <Method visited="true" cyclomaticComplexity="0" nPathComplexity="0" sequenceCoverage="100.0" branchCoverage="0" crapScore="0" isConstructor="false" isStatic="false" isGetter="false" isSetter="false">
              <Summary numSequencePoints="2" visitedSequencePoints="2" numBranchPoints="0" visitedBranchPoints="0" sequenceCoverage="100.0" branchCoverage="0" maxCyclomaticComplexity="0" minCyclomaticComplexity="0" maxCrapScore="0" minCrapScore="0" visitedClasses="0" numClasses="0" visitedMethods="1" numMethods="1" />
              <MetadataToken>100663335</MetadataToken>
              <Name>System.Void position_script_mock::Update()</Name>
              <FileRef uid="7" />
              <SequencePoints>
                <SequencePoint vc="1" uspid="886" ordinal="0" offset="0" sl="29" sc="5" el="29" ec="5" bec="0" bev="0" fileid="7" />
                <SequencePoint vc="1" uspid="887" ordinal="0" offset="1" sl="31" sc="5" el="31" ec="5" bec="0" bev="0" fileid="7" />
              </SequencePoints>
              <BranchPoints />
            </Method>
            <Method visited="true" cyclomaticComplexity="0" nPathComplexity="0" sequenceCoverage="58.06" branchCoverage="0" crapScore="0" isConstructor="false" isStatic="false" isGetter="false" isSetter="false">
              <Summary numSequencePoints="31" visitedSequencePoints="18" numBranchPoints="0" visitedBranchPoints="0" sequenceCoverage="58.06" branchCoverage="0" maxCyclomaticComplexity="0" minCyclomaticComplexity="0" maxCrapScore="0" minCrapScore="0" visitedClasses="0" numClasses="0" visitedMethods="1" numMethods="1" />
              <MetadataToken>100663340</MetadataToken>
              <Name>System.Void position_script_mock::OnMouseDown()</Name>
              <FileRef uid="7" />
              <SequencePoints>
                <SequencePoint vc="1" uspid="900" ordinal="0" offset="0" sl="61" sc="5" el="61" ec="5" bec="0" bev="0" fileid="7" />
                <SequencePoint vc="1" uspid="901" ordinal="0" offset="1" sl="64" sc="9" el="64" ec="9" bec="0" bev="0" fileid="7" />
                <SequencePoint vc="1" uspid="902" ordinal="0" offset="12" sl="73" sc="9" el="73" ec="9" bec="0" bev="0" fileid="7" />
                <SequencePoint vc="1" uspid="903" ordinal="0" offset="23" sl="74" sc="9" el="74" ec="9" bec="0" bev="0" fileid="7" />
                <SequencePoint vc="1" uspid="904" ordinal="0" offset="34" sl="76" sc="9" el="76" ec="9" bec="0" bev="0" fileid="7" />
                <SequencePoint vc="0" uspid="905" ordinal="0" offset="55" sl="77" sc="9" el="77" ec="9" bec="0" bev="0" fileid="7" />
                <SequencePoint vc="0" uspid="906" ordinal="0" offset="56" sl="78" sc="13" el="78" ec="13" bec="0" bev="0" fileid="7" />
                <SequencePoint vc="0" uspid="907" ordinal="0" offset="67" sl="79" sc="13" el="79" ec="13" bec="0" bev="0" fileid="7" />
                <SequencePoint vc="1" uspid="908" ordinal="0" offset="72" sl="82" sc="9" el="82" ec="9" bec="0" bev="0" fileid="7" />
                <SequencePoint vc="1" uspid="909" ordinal="0" offset="88" sl="84" sc="9" el="84" ec="9" bec="0" bev="0" fileid="7" />
                <SequencePoint vc="1" uspid="910" ordinal="0" offset="99" sl="86" sc="9" el="86" ec="9" bec="0" bev="0" fileid="7" />
                <SequencePoint vc="1" uspid="911" ordinal="0" offset="110" sl="88" sc="9" el="88" ec="9" bec="0" bev="0" fileid="7" />
                <SequencePoint vc="0" uspid="912" ordinal="0" offset="121" sl="89" sc="9" el="89" ec="9" bec="0" bev="0" fileid="7" />
                <SequencePoint vc="0" uspid="913" ordinal="0" offset="122" sl="90" sc="13" el="90" ec="13" bec="0" bev="0" fileid="7" />
                <SequencePoint vc="0" uspid="914" ordinal="0" offset="133" sl="91" sc="9" el="91" ec="9" bec="0" bev="0" fileid="7" />
                <SequencePoint vc="1" uspid="915" ordinal="0" offset="134" sl="93" sc="9" el="93" ec="9" bec="0" bev="0" fileid="7" />
                <SequencePoint vc="0" uspid="916" ordinal="0" offset="150" sl="94" sc="9" el="94" ec="9" bec="0" bev="0" fileid="7" />
                <SequencePoint vc="0" uspid="917" ordinal="0" offset="151" sl="95" sc="13" el="95" ec="13" bec="0" bev="0" fileid="7" />
                <SequencePoint vc="0" uspid="918" ordinal="0" offset="162" sl="96" sc="9" el="96" ec="9" bec="0" bev="0" fileid="7" />
                <SequencePoint vc="1" uspid="919" ordinal="0" offset="163" sl="98" sc="9" el="98" ec="9" bec="0" bev="0" fileid="7" />
                <SequencePoint vc="1" uspid="920" ordinal="0" offset="174" sl="101" sc="13" el="101" ec="13" bec="0" bev="0" fileid="7" />
                <SequencePoint vc="1" uspid="921" ordinal="0" offset="175" sl="103" sc="13" el="103" ec="13" bec="0" bev="0" fileid="7" />
                <SequencePoint vc="1" uspid="922" ordinal="0" offset="198" sl="104" sc="13" el="104" ec="13" bec="0" bev="0" fileid="7" />
                <SequencePoint vc="1" uspid="923" ordinal="0" offset="205" sl="105" sc="13" el="105" ec="13" bec="0" bev="0" fileid="7" />
                <SequencePoint vc="1" uspid="924" ordinal="0" offset="216" sl="106" sc="10" el="106" ec="10" bec="0" bev="0" fileid="7" />
                <SequencePoint vc="0" uspid="925" ordinal="0" offset="219" sl="108" sc="9" el="108" ec="9" bec="0" bev="0" fileid="7" />
                <SequencePoint vc="0" uspid="926" ordinal="0" offset="221" sl="108" sc="35" el="108" ec="35" bec="0" bev="0" fileid="7" />
                <SequencePoint vc="0" uspid="927" ordinal="0" offset="222" sl="109" sc="13" el="109" ec="13" bec="0" bev="0" fileid="7" />
                <SequencePoint vc="0" uspid="928" ordinal="0" offset="245" sl="110" sc="9" el="110" ec="9" bec="0" bev="0" fileid="7" />
                <SequencePoint vc="1" uspid="929" ordinal="0" offset="248" sl="111" sc="9" el="111" ec="9" bec="0" bev="0" fileid="7" />
                <SequencePoint vc="1" uspid="930" ordinal="0" offset="259" sl="114" sc="5" el="114" ec="5" bec="0" bev="0" fileid="7" />
              </SequencePoints>
              <BranchPoints />
            </Method>
          </Methods>
        </Class>
        <Class>
          <Summary numSequencePoints="5" visitedSequencePoints="5" numBranchPoints="0" visitedBranchPoints="0" sequenceCoverage="100.0" branchCoverage="0.0" maxCyclomaticComplexity="0" minCyclomaticComplexity="0" maxCrapScore="0" minCrapScore="0" visitedClasses="1" numClasses="1" visitedMethods="2" numMethods="2" />
          <FullName>position_script</FullName>
          <Methods>
            <Method visited="true" cyclomaticComplexity="0" nPathComplexity="0" sequenceCoverage="100.0" branchCoverage="0" crapScore="0" isConstructor="false" isStatic="false" isGetter="false" isSetter="false">
              <Summary numSequencePoints="3" visitedSequencePoints="3" numBranchPoints="0" visitedBranchPoints="0" sequenceCoverage="100.0" branchCoverage="0" maxCyclomaticComplexity="0" minCyclomaticComplexity="0" maxCrapScore="0" minCrapScore="0" visitedClasses="0" numClasses="0" visitedMethods="1" numMethods="1" />
              <MetadataToken>100663342</MetadataToken>
              <Name>System.Void position_script::Start()</Name>
              <FileRef uid="8" />
              <SequencePoints>
                <SequencePoint vc="12" uspid="931" ordinal="0" offset="0" sl="23" sc="5" el="23" ec="5" bec="0" bev="0" fileid="8" />
                <SequencePoint vc="12" uspid="932" ordinal="0" offset="1" sl="24" sc="9" el="24" ec="9" bec="0" bev="0" fileid="8" />
                <SequencePoint vc="12" uspid="933" ordinal="0" offset="18" sl="25" sc="5" el="25" ec="5" bec="0" bev="0" fileid="8" />
              </SequencePoints>
              <BranchPoints />
            </Method>
            <Method visited="true" cyclomaticComplexity="0" nPathComplexity="0" sequenceCoverage="100.0" branchCoverage="0" crapScore="0" isConstructor="false" isStatic="false" isGetter="false" isSetter="false">
              <Summary numSequencePoints="2" visitedSequencePoints="2" numBranchPoints="0" visitedBranchPoints="0" sequenceCoverage="100.0" branchCoverage="0" maxCyclomaticComplexity="0" minCyclomaticComplexity="0" maxCrapScore="0" minCrapScore="0" visitedClasses="0" numClasses="0" visitedMethods="1" numMethods="1" />
              <MetadataToken>100663343</MetadataToken>
              <Name>System.Void position_script::Update()</Name>
              <FileRef uid="8" />
              <SequencePoints>
                <SequencePoint vc="12" uspid="934" ordinal="0" offset="0" sl="29" sc="5" el="29" ec="5" bec="0" bev="0" fileid="8" />
                <SequencePoint vc="12" uspid="935" ordinal="0" offset="1" sl="31" sc="5" el="31" ec="5" bec="0" bev="0" fileid="8" />
              </SequencePoints>
              <BranchPoints />
            </Method>
          </Methods>
        </Class>
        <Class>
          <Summary numSequencePoints="29" visitedSequencePoints="17" numBranchPoints="0" visitedBranchPoints="0" sequenceCoverage="58.62" branchCoverage="0.0" maxCyclomaticComplexity="0" minCyclomaticComplexity="0" maxCrapScore="0" minCrapScore="0" visitedClasses="1" numClasses="1" visitedMethods="5" numMethods="5" />
          <FullName>Spawner</FullName>
          <Methods>
            <Method visited="true" cyclomaticComplexity="0" nPathComplexity="0" sequenceCoverage="100.0" branchCoverage="0" crapScore="0" isConstructor="false" isStatic="false" isGetter="false" isSetter="false">
              <Summary numSequencePoints="3" visitedSequencePoints="3" numBranchPoints="0" visitedBranchPoints="0" sequenceCoverage="100.0" branchCoverage="0" maxCyclomaticComplexity="0" minCyclomaticComplexity="0" maxCrapScore="0" minCrapScore="0" visitedClasses="0" numClasses="0" visitedMethods="1" numMethods="1" />
              <MetadataToken>100663350</MetadataToken>
              <Name>System.Void Spawner::Awake()</Name>
              <FileRef uid="9" />
              <SequencePoints>
                <SequencePoint vc="1" uspid="982" ordinal="0" offset="0" sl="29" sc="5" el="29" ec="5" bec="0" bev="0" fileid="9" />
                <SequencePoint vc="1" uspid="983" ordinal="0" offset="1" sl="30" sc="9" el="30" ec="9" bec="0" bev="0" fileid="9" />
                <SequencePoint vc="1" uspid="984" ordinal="0" offset="24" sl="31" sc="5" el="31" ec="5" bec="0" bev="0" fileid="9" />
              </SequencePoints>
              <BranchPoints />
            </Method>
            <Method visited="true" cyclomaticComplexity="0" nPathComplexity="0" sequenceCoverage="100.0" branchCoverage="0" crapScore="0" isConstructor="false" isStatic="false" isGetter="false" isSetter="false">
              <Summary numSequencePoints="3" visitedSequencePoints="3" numBranchPoints="0" visitedBranchPoints="0" sequenceCoverage="100.0" branchCoverage="0" maxCyclomaticComplexity="0" minCyclomaticComplexity="0" maxCrapScore="0" minCrapScore="0" visitedClasses="0" numClasses="0" visitedMethods="1" numMethods="1" />
              <MetadataToken>100663352</MetadataToken>
              <Name>System.Void Spawner::Start()</Name>
              <FileRef uid="9" />
              <SequencePoints>
                <SequencePoint vc="1" uspid="988" ordinal="0" offset="0" sl="39" sc="5" el="39" ec="5" bec="0" bev="0" fileid="9" />
                <SequencePoint vc="1" uspid="989" ordinal="0" offset="1" sl="40" sc="9" el="40" ec="9" bec="0" bev="0" fileid="9" />
                <SequencePoint vc="1" uspid="990" ordinal="0" offset="14" sl="41" sc="5" el="41" ec="5" bec="0" bev="0" fileid="9" />
              </SequencePoints>
              <BranchPoints />
            </Method>
            <Method visited="true" cyclomaticComplexity="0" nPathComplexity="0" sequenceCoverage="25.00" branchCoverage="0" crapScore="0" isConstructor="false" isStatic="false" isGetter="false" isSetter="false">
              <Summary numSequencePoints="16" visitedSequencePoints="4" numBranchPoints="0" visitedBranchPoints="0" sequenceCoverage="25.00" branchCoverage="0" maxCyclomaticComplexity="0" minCyclomaticComplexity="0" maxCrapScore="0" minCrapScore="0" visitedClasses="0" numClasses="0" visitedMethods="1" numMethods="1" />
              <MetadataToken>100663354</MetadataToken>
              <Name>System.Void Spawner::Update()</Name>
              <FileRef uid="9" />
              <SequencePoints>
                <SequencePoint vc="1" uspid="991" ordinal="0" offset="0" sl="51" sc="5" el="51" ec="5" bec="0" bev="0" fileid="9" />
                <SequencePoint vc="1" uspid="992" ordinal="0" offset="1" sl="52" sc="9" el="52" ec="9" bec="0" bev="0" fileid="9" />
                <SequencePoint vc="1" uspid="993" ordinal="0" offset="14" sl="52" sc="26" el="52" ec="26" bec="0" bev="0" fileid="9" />
                <SequencePoint vc="0" uspid="994" ordinal="0" offset="19" sl="54" sc="9" el="54" ec="9" bec="0" bev="0" fileid="9" />
                <SequencePoint vc="0" uspid="995" ordinal="0" offset="37" sl="56" sc="9" el="56" ec="9" bec="0" bev="0" fileid="9" />
                <SequencePoint vc="0" uspid="996" ordinal="0" offset="73" sl="57" sc="9" el="57" ec="9" bec="0" bev="0" fileid="9" />
                <SequencePoint vc="0" uspid="997" ordinal="0" offset="74" sl="58" sc="13" el="58" ec="13" bec="0" bev="0" fileid="9" />
                <SequencePoint vc="0" uspid="998" ordinal="0" offset="81" sl="59" sc="13" el="59" ec="13" bec="0" bev="0" fileid="9" />
                <SequencePoint vc="0" uspid="999" ordinal="0" offset="95" sl="60" sc="13" el="60" ec="13" bec="0" bev="0" fileid="9" />
                <SequencePoint vc="0" uspid="1000" ordinal="0" offset="109" sl="61" sc="13" el="61" ec="13" bec="0" bev="0" fileid="9" />
                <SequencePoint vc="0" uspid="1001" ordinal="0" offset="120" sl="62" sc="9" el="62" ec="9" bec="0" bev="0" fileid="9" />
                <SequencePoint vc="0" uspid="1002" ordinal="0" offset="121" sl="64" sc="9" el="64" ec="9" bec="0" bev="0" fileid="9" />
                <SequencePoint vc="0" uspid="1003" ordinal="0" offset="145" sl="65" sc="9" el="65" ec="9" bec="0" bev="0" fileid="9" />
                <SequencePoint vc="0" uspid="1004" ordinal="0" offset="146" sl="66" sc="13" el="66" ec="13" bec="0" bev="0" fileid="9" />
                <SequencePoint vc="0" uspid="1005" ordinal="0" offset="153" sl="67" sc="9" el="67" ec="9" bec="0" bev="0" fileid="9" />
                <SequencePoint vc="1" uspid="1006" ordinal="0" offset="154" sl="68" sc="5" el="68" ec="5" bec="0" bev="0" fileid="9" />
              </SequencePoints>
              <BranchPoints />
            </Method>
            <Method visited="true" cyclomaticComplexity="0" nPathComplexity="0" sequenceCoverage="100.0" branchCoverage="0" crapScore="0" isConstructor="true" isStatic="false" isGetter="false" isSetter="false">
              <Summary numSequencePoints="6" visitedSequencePoints="6" numBranchPoints="0" visitedBranchPoints="0" sequenceCoverage="100.0" branchCoverage="0" maxCyclomaticComplexity="0" minCyclomaticComplexity="0" maxCrapScore="0" minCrapScore="0" visitedClasses="0" numClasses="0" visitedMethods="1" numMethods="1" />
              <MetadataToken>100663358</MetadataToken>
              <Name>Spawner::Spawner()</Name>
              <FileRef uid="9" />
              <SequencePoints>
                <SequencePoint vc="1" uspid="1021" ordinal="0" offset="0" sl="13" sc="22" el="13" ec="22" bec="0" bev="0" fileid="9" />
                <SequencePoint vc="1" uspid="1022" ordinal="0" offset="7" sl="14" sc="22" el="14" ec="22" bec="0" bev="0" fileid="9" />
                <SequencePoint vc="1" uspid="1023" ordinal="0" offset="18" sl="15" sc="22" el="15" ec="22" bec="0" bev="0" fileid="9" />
                <SequencePoint vc="1" uspid="1024" ordinal="0" offset="29" sl="16" sc="22" el="16" ec="22" bec="0" bev="0" fileid="9" />
                <SequencePoint vc="1" uspid="1025" ordinal="0" offset="40" sl="19" sc="22" el="19" ec="22" bec="0" bev="0" fileid="9" />
                <SequencePoint vc="1" uspid="1026" ordinal="0" offset="47" sl="23" sc="22" el="23" ec="22" bec="0" bev="0" fileid="9" />
              </SequencePoints>
              <BranchPoints />
            </Method>
            <Method visited="true" cyclomaticComplexity="0" nPathComplexity="0" sequenceCoverage="100.0" branchCoverage="0" crapScore="0" isConstructor="true" isStatic="true" isGetter="false" isSetter="false">
              <Summary numSequencePoints="1" visitedSequencePoints="1" numBranchPoints="0" visitedBranchPoints="0" sequenceCoverage="100.0" branchCoverage="0" maxCyclomaticComplexity="0" minCyclomaticComplexity="0" maxCrapScore="0" minCrapScore="0" visitedClasses="0" numClasses="0" visitedMethods="1" numMethods="1" />
              <MetadataToken>100663359</MetadataToken>
              <Name>static Spawner::Spawner()</Name>
              <FileRef uid="9" />
              <SequencePoints>
                <SequencePoint vc="1" uspid="1027" ordinal="0" offset="0" sl="26" sc="5" el="26" ec="5" bec="0" bev="0" fileid="9" />
              </SequencePoints>
              <BranchPoints />
            </Method>
          </Methods>
        </Class>
        <Class>
          <Summary numSequencePoints="12" visitedSequencePoints="12" numBranchPoints="0" visitedBranchPoints="0" sequenceCoverage="100.0" branchCoverage="0.0" maxCyclomaticComplexity="0" minCyclomaticComplexity="0" maxCrapScore="0" minCrapScore="0" visitedClasses="1" numClasses="1" visitedMethods="3" numMethods="3" />
          <FullName>OneBarrel</FullName>
          <Methods>
            <Method visited="true" cyclomaticComplexity="0" nPathComplexity="0" sequenceCoverage="100.0" branchCoverage="0" crapScore="0" isConstructor="false" isStatic="false" isGetter="false" isSetter="false">
              <Summary numSequencePoints="6" visitedSequencePoints="6" numBranchPoints="0" visitedBranchPoints="0" sequenceCoverage="100.0" branchCoverage="0" maxCyclomaticComplexity="0" minCyclomaticComplexity="0" maxCrapScore="0" minCrapScore="0" visitedClasses="0" numClasses="0" visitedMethods="1" numMethods="1" />
              <MetadataToken>100663377</MetadataToken>
              <Name>System.Void OneBarrel::Awake()</Name>
              <FileRef uid="15" />
              <SequencePoints>
                <SequencePoint vc="1" uspid="1099" ordinal="0" offset="0" sl="19" sc="5" el="19" ec="5" bec="0" bev="0" fileid="15" />
                <SequencePoint vc="1" uspid="1100" ordinal="0" offset="1" sl="20" sc="9" el="20" ec="9" bec="0" bev="0" fileid="15" />
                <SequencePoint vc="1" uspid="1101" ordinal="0" offset="14" sl="21" sc="9" el="21" ec="9" bec="0" bev="0" fileid="15" />
                <SequencePoint vc="1" uspid="1102" ordinal="0" offset="27" sl="22" sc="9" el="22" ec="9" bec="0" bev="0" fileid="15" />
                <SequencePoint vc="1" uspid="1103" ordinal="0" offset="40" sl="23" sc="9" el="23" ec="9" bec="0" bev="0" fileid="15" />
                <SequencePoint vc="1" uspid="1104" ordinal="0" offset="53" sl="24" sc="5" el="24" ec="5" bec="0" bev="0" fileid="15" />
              </SequencePoints>
              <BranchPoints />
            </Method>
            <Method visited="true" cyclomaticComplexity="0" nPathComplexity="0" sequenceCoverage="100.0" branchCoverage="0" crapScore="0" isConstructor="false" isStatic="false" isGetter="false" isSetter="false">
              <Summary numSequencePoints="3" visitedSequencePoints="3" numBranchPoints="0" visitedBranchPoints="0" sequenceCoverage="100.0" branchCoverage="0" maxCyclomaticComplexity="0" minCyclomaticComplexity="0" maxCrapScore="0" minCrapScore="0" visitedClasses="0" numClasses="0" visitedMethods="1" numMethods="1" />
              <MetadataToken>100663380</MetadataToken>
              <Name>System.Void OneBarrel::Update()</Name>
              <FileRef uid="15" />
              <SequencePoints>
                <SequencePoint vc="1" uspid="1105" ordinal="0" offset="0" sl="57" sc="5" el="57" ec="5" bec="0" bev="0" fileid="15" />
                <SequencePoint vc="1" uspid="1106" ordinal="0" offset="1" sl="58" sc="8" el="58" ec="8" bec="0" bev="0" fileid="15" />
                <SequencePoint vc="1" uspid="1107" ordinal="0" offset="8" sl="59" sc="5" el="59" ec="5" bec="0" bev="0" fileid="15" />
              </SequencePoints>
              <BranchPoints />
            </Method>
            <Method visited="true" cyclomaticComplexity="0" nPathComplexity="0" sequenceCoverage="100.0" branchCoverage="0" crapScore="0" isConstructor="true" isStatic="false" isGetter="false" isSetter="false">
              <Summary numSequencePoints="3" visitedSequencePoints="3" numBranchPoints="0" visitedBranchPoints="0" sequenceCoverage="100.0" branchCoverage="0" maxCyclomaticComplexity="0" minCyclomaticComplexity="0" maxCrapScore="0" minCrapScore="0" visitedClasses="0" numClasses="0" visitedMethods="1" numMethods="1" />
              <MetadataToken>100663381</MetadataToken>
              <Name>OneBarrel::OneBarrel()</Name>
              <FileRef uid="15" />
              <SequencePoints>
                <SequencePoint vc="4" uspid="1108" ordinal="0" offset="0" sl="10" sc="22" el="10" ec="22" bec="0" bev="0" fileid="15" />
                <SequencePoint vc="4" uspid="1109" ordinal="0" offset="11" sl="11" sc="22" el="11" ec="22" bec="0" bev="0" fileid="15" />
                <SequencePoint vc="4" uspid="1110" ordinal="0" offset="22" sl="12" sc="22" el="12" ec="22" bec="0" bev="0" fileid="15" />
              </SequencePoints>
              <BranchPoints />
            </Method>
          </Methods>
        </Class>
        <Class>
          <Summary numSequencePoints="34" visitedSequencePoints="20" numBranchPoints="0" visitedBranchPoints="0" sequenceCoverage="58.82" branchCoverage="0.0" maxCyclomaticComplexity="0" minCyclomaticComplexity="0" maxCrapScore="0" minCrapScore="0" visitedClasses="1" numClasses="1" visitedMethods="9" numMethods="9" />
          <FullName>Towers</FullName>
          <Methods>
            <Method visited="true" cyclomaticComplexity="0" nPathComplexity="0" sequenceCoverage="100.0" branchCoverage="0" crapScore="0" isConstructor="false" isStatic="false" isGetter="true" isSetter="false">
              <Summary numSequencePoints="1" visitedSequencePoints="1" numBranchPoints="0" visitedBranchPoints="0" sequenceCoverage="100.0" branchCoverage="0" maxCyclomaticComplexity="0" minCyclomaticComplexity="0" maxCrapScore="0" minCrapScore="0" visitedClasses="0" numClasses="0" visitedMethods="1" numMethods="1" />
              <MetadataToken>100663392</MetadataToken>
              <Name>System.Single Towers::get_Range()</Name>
              <FileRef uid="18" />
              <SequencePoints>
                <SequencePoint vc="1" uspid="1132" ordinal="0" offset="0" sl="8" sc="27" el="8" ec="27" bec="0" bev="0" fileid="18" />
              </SequencePoints>
              <BranchPoints />
            </Method>
            <Method visited="true" cyclomaticComplexity="0" nPathComplexity="0" sequenceCoverage="100.0" branchCoverage="0" crapScore="0" isConstructor="false" isStatic="false" isGetter="false" isSetter="true">
              <Summary numSequencePoints="1" visitedSequencePoints="1" numBranchPoints="0" visitedBranchPoints="0" sequenceCoverage="100.0" branchCoverage="0" maxCyclomaticComplexity="0" minCyclomaticComplexity="0" maxCrapScore="0" minCrapScore="0" visitedClasses="0" numClasses="0" visitedMethods="1" numMethods="1" />
              <MetadataToken>100663393</MetadataToken>
              <Name>System.Void Towers::set_Range(System.Single)</Name>
              <FileRef uid="18" />
              <SequencePoints>
                <SequencePoint vc="1" uspid="1133" ordinal="0" offset="0" sl="8" sc="33" el="8" ec="33" bec="0" bev="0" fileid="18" />
              </SequencePoints>
              <BranchPoints />
            </Method>
            <Method visited="true" cyclomaticComplexity="0" nPathComplexity="0" sequenceCoverage="100.0" branchCoverage="0" crapScore="0" isConstructor="false" isStatic="false" isGetter="false" isSetter="true">
              <Summary numSequencePoints="1" visitedSequencePoints="1" numBranchPoints="0" visitedBranchPoints="0" sequenceCoverage="100.0" branchCoverage="0" maxCyclomaticComplexity="0" minCyclomaticComplexity="0" maxCrapScore="0" minCrapScore="0" visitedClasses="0" numClasses="0" visitedMethods="1" numMethods="1" />
              <MetadataToken>100663395</MetadataToken>
              <Name>System.Void Towers::set_Bulletspeed(System.Single)</Name>
              <FileRef uid="18" />
              <SequencePoints>
                <SequencePoint vc="1" uspid="1135" ordinal="0" offset="0" sl="9" sc="37" el="9" ec="37" bec="0" bev="0" fileid="18" />
              </SequencePoints>
              <BranchPoints />
            </Method>
            <Method visited="true" cyclomaticComplexity="0" nPathComplexity="0" sequenceCoverage="100.0" branchCoverage="0" crapScore="0" isConstructor="false" isStatic="false" isGetter="false" isSetter="true">
              <Summary numSequencePoints="1" visitedSequencePoints="1" numBranchPoints="0" visitedBranchPoints="0" sequenceCoverage="100.0" branchCoverage="0" maxCyclomaticComplexity="0" minCyclomaticComplexity="0" maxCrapScore="0" minCrapScore="0" visitedClasses="0" numClasses="0" visitedMethods="1" numMethods="1" />
              <MetadataToken>100663397</MetadataToken>
              <Name>System.Void Towers::set_Bps(System.Single)</Name>
              <FileRef uid="18" />
              <SequencePoints>
                <SequencePoint vc="1" uspid="1137" ordinal="0" offset="0" sl="10" sc="30" el="10" ec="30" bec="0" bev="0" fileid="18" />
              </SequencePoints>
              <BranchPoints />
            </Method>
            <Method visited="true" cyclomaticComplexity="0" nPathComplexity="0" sequenceCoverage="100.0" branchCoverage="0" crapScore="0" isConstructor="false" isStatic="false" isGetter="true" isSetter="false">
              <Summary numSequencePoints="1" visitedSequencePoints="1" numBranchPoints="0" visitedBranchPoints="0" sequenceCoverage="100.0" branchCoverage="0" maxCyclomaticComplexity="0" minCyclomaticComplexity="0" maxCrapScore="0" minCrapScore="0" visitedClasses="0" numClasses="0" visitedMethods="1" numMethods="1" />
              <MetadataToken>100663398</MetadataToken>
              <Name>UnityEngine.GameObject Towers::get_Target()</Name>
              <FileRef uid="18" />
              <SequencePoints>
                <SequencePoint vc="1" uspid="1138" ordinal="0" offset="0" sl="13" sc="32" el="13" ec="32" bec="0" bev="0" fileid="18" />
              </SequencePoints>
              <BranchPoints />
            </Method>
            <Method visited="true" cyclomaticComplexity="0" nPathComplexity="0" sequenceCoverage="100.0" branchCoverage="0" crapScore="0" isConstructor="false" isStatic="false" isGetter="false" isSetter="true">
              <Summary numSequencePoints="1" visitedSequencePoints="1" numBranchPoints="0" visitedBranchPoints="0" sequenceCoverage="100.0" branchCoverage="0" maxCyclomaticComplexity="0" minCyclomaticComplexity="0" maxCrapScore="0" minCrapScore="0" visitedClasses="0" numClasses="0" visitedMethods="1" numMethods="1" />
              <MetadataToken>100663399</MetadataToken>
              <Name>System.Void Towers::set_Target(UnityEngine.GameObject)</Name>
              <FileRef uid="18" />
              <SequencePoints>
                <SequencePoint vc="2" uspid="1139" ordinal="0" offset="0" sl="13" sc="37" el="13" ec="37" bec="0" bev="0" fileid="18" />
              </SequencePoints>
              <BranchPoints />
            </Method>
            <Method visited="true" cyclomaticComplexity="0" nPathComplexity="0" sequenceCoverage="70.00" branchCoverage="0" crapScore="0" isConstructor="false" isStatic="false" isGetter="false" isSetter="false">
              <Summary numSequencePoints="10" visitedSequencePoints="7" numBranchPoints="0" visitedBranchPoints="0" sequenceCoverage="70.00" branchCoverage="0" maxCyclomaticComplexity="0" minCyclomaticComplexity="0" maxCrapScore="0" minCrapScore="0" visitedClasses="0" numClasses="0" visitedMethods="1" numMethods="1" />
              <MetadataToken>100663400</MetadataToken>
              <Name>System.Void Towers::FindTarget()</Name>
              <FileRef uid="18" />
              <SequencePoints>
                <SequencePoint vc="1" uspid="1140" ordinal="0" offset="0" sl="21" sc="5" el="21" ec="5" bec="0" bev="0" fileid="18" />
                <SequencePoint vc="1" uspid="1141" ordinal="0" offset="1" sl="22" sc="9" el="22" ec="9" bec="0" bev="0" fileid="18" />
                <SequencePoint vc="1" uspid="1142" ordinal="0" offset="61" sl="23" sc="9" el="23" ec="9" bec="0" bev="0" fileid="18" />
                <SequencePoint vc="0" uspid="1143" ordinal="0" offset="70" sl="24" sc="9" el="24" ec="9" bec="0" bev="0" fileid="18" />
                <SequencePoint vc="0" uspid="1144" ordinal="0" offset="71" sl="25" sc="13" el="25" ec="13" bec="0" bev="0" fileid="18" />
                <SequencePoint vc="0" uspid="1145" ordinal="0" offset="95" sl="26" sc="9" el="26" ec="9" bec="0" bev="0" fileid="18" />
                <SequencePoint vc="1" uspid="1146" ordinal="0" offset="98" sl="28" sc="9" el="28" ec="9" bec="0" bev="0" fileid="18" />
                <SequencePoint vc="1" uspid="1147" ordinal="0" offset="99" sl="29" sc="13" el="29" ec="13" bec="0" bev="0" fileid="18" />
                <SequencePoint vc="1" uspid="1148" ordinal="0" offset="107" sl="30" sc="9" el="30" ec="9" bec="0" bev="0" fileid="18" />
                <SequencePoint vc="1" uspid="1149" ordinal="0" offset="108" sl="31" sc="5" el="31" ec="5" bec="0" bev="0" fileid="18" />
              </SequencePoints>
              <BranchPoints />
            </Method>
            <Method visited="true" cyclomaticComplexity="0" nPathComplexity="0" sequenceCoverage="35.29" branchCoverage="0" crapScore="0" isConstructor="false" isStatic="false" isGetter="false" isSetter="false">
              <Summary numSequencePoints="17" visitedSequencePoints="6" numBranchPoints="0" visitedBranchPoints="0" sequenceCoverage="35.29" branchCoverage="0" maxCyclomaticComplexity="0" minCyclomaticComplexity="0" maxCrapScore="0" minCrapScore="0" visitedClasses="0" numClasses="0" visitedMethods="1" numMethods="1" />
              <MetadataToken>100663405</MetadataToken>
              <Name>System.Void Towers::GunUpdate()</Name>
              <FileRef uid="18" />
              <SequencePoints>
                <SequencePoint vc="1" uspid="1162" ordinal="0" offset="0" sl="58" sc="5" el="58" ec="5" bec="0" bev="0" fileid="18" />
                <SequencePoint vc="1" uspid="1163" ordinal="0" offset="1" sl="59" sc="9" el="59" ec="9" bec="0" bev="0" fileid="18" />
                <SequencePoint vc="1" uspid="1164" ordinal="0" offset="17" sl="60" sc="9" el="60" ec="9" bec="0" bev="0" fileid="18" />
                <SequencePoint vc="1" uspid="1165" ordinal="0" offset="18" sl="61" sc="13" el="61" ec="13" bec="0" bev="0" fileid="18" />
                <SequencePoint vc="1" uspid="1166" ordinal="0" offset="25" sl="62" sc="13" el="62" ec="13" bec="0" bev="0" fileid="18" />
                <SequencePoint vc="0" uspid="1167" ordinal="0" offset="27" sl="65" sc="9" el="65" ec="9" bec="0" bev="0" fileid="18" />
                <SequencePoint vc="0" uspid="1168" ordinal="0" offset="34" sl="66" sc="9" el="66" ec="9" bec="0" bev="0" fileid="18" />
                <SequencePoint vc="0" uspid="1169" ordinal="0" offset="52" sl="68" sc="9" el="68" ec="9" bec="0" bev="0" fileid="18" />
                <SequencePoint vc="0" uspid="1170" ordinal="0" offset="65" sl="69" sc="9" el="69" ec="9" bec="0" bev="0" fileid="18" />
                <SequencePoint vc="0" uspid="1171" ordinal="0" offset="66" sl="70" sc="13" el="70" ec="13" bec="0" bev="0" fileid="18" />
                <SequencePoint vc="0" uspid="1172" ordinal="0" offset="74" sl="71" sc="9" el="71" ec="9" bec="0" bev="0" fileid="18" />
                <SequencePoint vc="0" uspid="1173" ordinal="0" offset="77" sl="72" sc="14" el="72" ec="14" bec="0" bev="0" fileid="18" />
                <SequencePoint vc="0" uspid="1174" ordinal="0" offset="110" sl="73" sc="9" el="73" ec="9" bec="0" bev="0" fileid="18" />
                <SequencePoint vc="0" uspid="1175" ordinal="0" offset="111" sl="74" sc="13" el="74" ec="13" bec="0" bev="0" fileid="18" />
                <SequencePoint vc="0" uspid="1176" ordinal="0" offset="124" sl="75" sc="13" el="75" ec="13" bec="0" bev="0" fileid="18" />
                <SequencePoint vc="0" uspid="1177" ordinal="0" offset="135" sl="76" sc="9" el="76" ec="9" bec="0" bev="0" fileid="18" />
                <SequencePoint vc="1" uspid="1178" ordinal="0" offset="136" sl="79" sc="5" el="79" ec="5" bec="0" bev="0" fileid="18" />
              </SequencePoints>
              <BranchPoints />
            </Method>
            <Method visited="true" cyclomaticComplexity="0" nPathComplexity="0" sequenceCoverage="100.0" branchCoverage="0" crapScore="0" isConstructor="true" isStatic="false" isGetter="false" isSetter="false">
              <Summary numSequencePoints="1" visitedSequencePoints="1" numBranchPoints="0" visitedBranchPoints="0" sequenceCoverage="100.0" branchCoverage="0" maxCyclomaticComplexity="0" minCyclomaticComplexity="0" maxCrapScore="0" minCrapScore="0" visitedClasses="0" numClasses="0" visitedMethods="1" numMethods="1" />
              <MetadataToken>100663407</MetadataToken>
              <Name>Towers::Towers()</Name>
              <FileRef uid="18" />
              <SequencePoints>
                <SequencePoint vc="4" uspid="1187" ordinal="0" offset="0" sl="15" sc="5" el="15" ec="5" bec="0" bev="0" fileid="18" />
              </SequencePoints>
              <BranchPoints />
            </Method>
          </Methods>
        </Class>
        <Class>
          <Summary numSequencePoints="5" visitedSequencePoints="2" numBranchPoints="0" visitedBranchPoints="0" sequenceCoverage="40.00" branchCoverage="0.0" maxCyclomaticComplexity="0" minCyclomaticComplexity="0" maxCrapScore="0" minCrapScore="0" visitedClasses="1" numClasses="1" visitedMethods="1" numMethods="1" />
          <FullName>Spawner/&lt;StartWave&gt;d__14</FullName>
          <Methods>
            <Method visited="true" cyclomaticComplexity="0" nPathComplexity="0" sequenceCoverage="40.00" branchCoverage="0" crapScore="0" isConstructor="false" isStatic="false" isGetter="false" isSetter="false">
              <Summary numSequencePoints="5" visitedSequencePoints="2" numBranchPoints="0" visitedBranchPoints="0" sequenceCoverage="40.00" branchCoverage="0" maxCyclomaticComplexity="0" minCyclomaticComplexity="0" maxCrapScore="0" minCrapScore="0" visitedClasses="0" numClasses="0" visitedMethods="1" numMethods="1" />
              <MetadataToken>100663412</MetadataToken>
              <Name>System.Boolean Spawner/&lt;StartWave&gt;d__14::MoveNext()</Name>
              <FileRef uid="9" />
              <SequencePoints>
                <SequencePoint vc="1" uspid="1188" ordinal="0" offset="31" sl="44" sc="5" el="44" ec="5" bec="0" bev="0" fileid="9" />
                <SequencePoint vc="1" uspid="1189" ordinal="0" offset="32" sl="45" sc="9" el="45" ec="9" bec="0" bev="0" fileid="9" />
                <SequencePoint vc="0" uspid="1190" ordinal="0" offset="70" sl="46" sc="9" el="46" ec="9" bec="0" bev="0" fileid="9" />
                <SequencePoint vc="0" uspid="1191" ordinal="0" offset="82" sl="47" sc="9" el="47" ec="9" bec="0" bev="0" fileid="9" />
                <SequencePoint vc="0" uspid="1192" ordinal="0" offset="104" sl="48" sc="5" el="48" ec="5" bec="0" bev="0" fileid="9" />
              </SequencePoints>
              <BranchPoints />
            </Method>
          </Methods>
        </Class>
      </Classes>
    </Module>
    <Module>
      <Summary numSequencePoints="13" visitedSequencePoints="13" numBranchPoints="0" visitedBranchPoints="0" sequenceCoverage="100.0" branchCoverage="0.0" maxCyclomaticComplexity="0" minCyclomaticComplexity="0" maxCrapScore="0" minCrapScore="0" visitedClasses="1" numClasses="1" visitedMethods="1" numMethods="1" />
      <ModuleTime>0001-01-01T00:00:00</ModuleTime>
      <ModuleName>Tests</ModuleName>
      <Files>
        <File uid="19" fullPath="C:/Users/Zakariya/Desktop/Tower-Defence-Game_forked/Assets/Tests/playmode/Currency_test.cs" />
        <File uid="20" fullPath="C:/Users/Zakariya/Desktop/Tower-Defence-Game_forked/Assets/Tests/playmode/firtst.cs" />
        <File uid="21" fullPath="C:/Users/Zakariya/Desktop/Tower-Defence-Game_forked/Assets/Tests/playmode/Spend_test.cs" />
        <File uid="22" fullPath="C:/Users/Zakariya/Desktop/Tower-Defence-Game_forked/Assets/Tests/playmode/Bullet_Test.cs" />
        <File uid="23" fullPath="C:/Users/Zakariya/Desktop/Tower-Defence-Game_forked/Assets/Tests/playmode/health_decrease_test.cs" />
        <File uid="24" fullPath="C:/Users/Zakariya/Desktop/Tower-Defence-Game_forked/Assets/Tests/playmode/TowerTesting.cs" />
        <File uid="25" fullPath="C:/Users/Zakariya/Desktop/Tower-Defence-Game_forked/Assets/Tests/playmode/tower_instantiate_test.cs" />
      </Files>
      <Classes>
        <Class>
          <Summary numSequencePoints="13" visitedSequencePoints="13" numBranchPoints="0" visitedBranchPoints="0" sequenceCoverage="100.0" branchCoverage="0.0" maxCyclomaticComplexity="0" minCyclomaticComplexity="0" maxCrapScore="0" minCrapScore="0" visitedClasses="1" numClasses="1" visitedMethods="1" numMethods="1" />
          <FullName>tower_instantiate_test/&lt;tower_not_null&gt;d__6</FullName>
          <Methods>
            <Method visited="true" cyclomaticComplexity="0" nPathComplexity="0" sequenceCoverage="100.0" branchCoverage="0" crapScore="0" isConstructor="false" isStatic="false" isGetter="false" isSetter="false">
              <Summary numSequencePoints="13" visitedSequencePoints="13" numBranchPoints="0" visitedBranchPoints="0" sequenceCoverage="100.0" branchCoverage="0" maxCyclomaticComplexity="0" minCyclomaticComplexity="0" maxCrapScore="0" minCrapScore="0" visitedClasses="0" numClasses="0" visitedMethods="1" numMethods="1" />
              <MetadataToken>100663368</MetadataToken>
              <Name>System.Boolean tower_instantiate_test/&lt;tower_not_null&gt;d__6::MoveNext()</Name>
              <FileRef uid="25" />
              <SequencePoints>
                <SequencePoint vc="1" uspid="1370" ordinal="0" offset="31" sl="61" sc="5" el="61" ec="5" bec="0" bev="0" fileid="25" />
                <SequencePoint vc="1" uspid="1371" ordinal="0" offset="32" sl="62" sc="9" el="62" ec="9" bec="0" bev="0" fileid="25" />
                <SequencePoint vc="1" uspid="1372" ordinal="0" offset="64" sl="64" sc="9" el="64" ec="9" bec="0" bev="0" fileid="25" />
                <SequencePoint vc="1" uspid="1373" ordinal="0" offset="80" sl="66" sc="9" el="66" ec="9" bec="0" bev="0" fileid="25" />
                <SequencePoint vc="1" uspid="1374" ordinal="0" offset="97" sl="78" sc="9" el="78" ec="9" bec="0" bev="0" fileid="25" />
                <SequencePoint vc="1" uspid="1375" ordinal="0" offset="108" sl="84" sc="9" el="84" ec="9" bec="0" bev="0" fileid="25" />
                <SequencePoint vc="1" uspid="1376" ordinal="0" offset="119" sl="85" sc="9" el="85" ec="9" bec="0" bev="0" fileid="25" />
                <SequencePoint vc="1" uspid="1377" ordinal="0" offset="141" sl="87" sc="9" el="87" ec="9" bec="0" bev="0" fileid="25" />
                <SequencePoint vc="1" uspid="1378" ordinal="0" offset="162" sl="89" sc="9" el="89" ec="9" bec="0" bev="0" fileid="25" />
                <SequencePoint vc="1" uspid="1379" ordinal="0" offset="173" sl="91" sc="9" el="91" ec="9" bec="0" bev="0" fileid="25" />
                <SequencePoint vc="1" uspid="1380" ordinal="0" offset="185" sl="94" sc="9" el="94" ec="9" bec="0" bev="0" fileid="25" />
                <SequencePoint vc="1" uspid="1381" ordinal="0" offset="196" sl="97" sc="9" el="97" ec="9" bec="0" bev="0" fileid="25" />
                <SequencePoint vc="1" uspid="1382" ordinal="0" offset="213" sl="100" sc="5" el="100" ec="5" bec="0" bev="0" fileid="25" />
              </SequencePoints>
              <BranchPoints />
            </Method>
          </Methods>
        </Class>
      </Classes>
    </Module>
  </Modules>
</CoverageSession>