<?xml version="1.0" encoding="utf-8"?>
<CoverageSession xmlns:xsd="http://www.w3.org/2001/XMLSchema" xmlns:xsi="http://www.w3.org/2001/XMLSchema-instance" Version="0.0.0.0">
  <Summary numSequencePoints="449" visitedSequencePoints="436" numBranchPoints="0" visitedBranchPoints="0" sequenceCoverage="97.10" branchCoverage="0.0" maxCyclomaticComplexity="0" minCyclomaticComplexity="0" maxCrapScore="0" minCrapScore="0" visitedClasses="24" numClasses="24" visitedMethods="63" numMethods="63" />
  <Modules>
    <Module>
      <Summary numSequencePoints="354" visitedSequencePoints="341" numBranchPoints="0" visitedBranchPoints="0" sequenceCoverage="96.33" branchCoverage="0.0" maxCyclomaticComplexity="0" minCyclomaticComplexity="0" maxCrapScore="0" minCrapScore="0" visitedClasses="14" numClasses="14" visitedMethods="53" numMethods="53" />
      <ModuleTime>0001-01-01T00:00:00</ModuleTime>
      <ModuleName>Script</ModuleName>
      <Files>
        <File uid="1" fullPath="C:/Users/Zakariya/Desktop/Tower-Defence-Game_forked/Assets/Scripts/Build_manager.cs" />
        <File uid="2" fullPath="C:/Users/Zakariya/Desktop/Tower-Defence-Game_forked/Assets/Scripts/Buttons.cs" />
        <File uid="3" fullPath="C:/Users/Zakariya/Desktop/Tower-Defence-Game_forked/Assets/Scripts/Enemies.cs" />
        <File uid="4" fullPath="C:/Users/Zakariya/Desktop/Tower-Defence-Game_forked/Assets/Scripts/EnemyTest.cs" />
        <File uid="5" fullPath="C:/Users/Zakariya/Desktop/Tower-Defence-Game_forked/Assets/Scripts/LevelManager.cs" />
        <File uid="6" fullPath="C:/Users/Zakariya/Desktop/Tower-Defence-Game_forked/Assets/Scripts/Menus.cs" />
        <File uid="7" fullPath="C:/Users/Zakariya/Desktop/Tower-Defence-Game_forked/Assets/Scripts/position_script.cs" />
        <File uid="8" fullPath="C:/Users/Zakariya/Desktop/Tower-Defence-Game_forked/Assets/Scripts/Spawner.cs" />
        <File uid="9" fullPath="C:/Users/Zakariya/Desktop/Tower-Defence-Game_forked/Assets/Scripts/Test.cs" />
        <File uid="10" fullPath="C:/Users/Zakariya/Desktop/Tower-Defence-Game_forked/Assets/Scripts/TestWorldEnemy.cs" />
        <File uid="11" fullPath="C:/Users/Zakariya/Desktop/Tower-Defence-Game_forked/Assets/Scripts/TestWorldTower.cs" />
        <File uid="12" fullPath="C:/Users/Zakariya/Desktop/Tower-Defence-Game_forked/Assets/Scripts/TowerScripts/Ammo.cs" />
        <File uid="13" fullPath="C:/Users/Zakariya/Desktop/Tower-Defence-Game_forked/Assets/Scripts/TowerScripts/MultipleBarrels.cs" />
        <File uid="14" fullPath="C:/Users/Zakariya/Desktop/Tower-Defence-Game_forked/Assets/Scripts/TowerScripts/OneBarrel.cs" />
        <File uid="15" fullPath="C:/Users/Zakariya/Desktop/Tower-Defence-Game_forked/Assets/Scripts/TowerScripts/RocketStage3.cs" />
        <File uid="16" fullPath="C:/Users/Zakariya/Desktop/Tower-Defence-Game_forked/Assets/Scripts/TowerScripts/RocketStageTwo.cs" />
        <File uid="17" fullPath="C:/Users/Zakariya/Desktop/Tower-Defence-Game_forked/Assets/Scripts/TowerScripts/Towers.cs" />
      </Files>
      <Classes>
        <Class>
          <Summary numSequencePoints="81" visitedSequencePoints="76" numBranchPoints="0" visitedBranchPoints="0" sequenceCoverage="93.83" branchCoverage="0.0" maxCyclomaticComplexity="0" minCyclomaticComplexity="0" maxCrapScore="0" minCrapScore="0" visitedClasses="1" numClasses="1" visitedMethods="8" numMethods="8" />
          <FullName>Enemies</FullName>
          <Methods>
            <Method visited="true" cyclomaticComplexity="0" nPathComplexity="0" sequenceCoverage="100.0" branchCoverage="0" crapScore="0" isConstructor="false" isStatic="false" isGetter="false" isSetter="false">
              <Summary numSequencePoints="8" visitedSequencePoints="8" numBranchPoints="0" visitedBranchPoints="0" sequenceCoverage="100.0" branchCoverage="0" maxCyclomaticComplexity="0" minCyclomaticComplexity="0" maxCrapScore="0" minCrapScore="0" visitedClasses="0" numClasses="0" visitedMethods="1" numMethods="1" />
              <MetadataToken>100663306</MetadataToken>
              <Name>System.Void Enemies::Awake()</Name>
              <FileRef uid="3" />
              <SequencePoints>
                <SequencePoint vc="65" uspid="597" ordinal="0" offset="0" sl="42" sc="5" el="42" ec="5" bec="0" bev="0" fileid="3" />
                <SequencePoint vc="65" uspid="598" ordinal="0" offset="1" sl="43" sc="9" el="43" ec="9" bec="0" bev="0" fileid="3" />
                <SequencePoint vc="65" uspid="599" ordinal="0" offset="13" sl="44" sc="9" el="44" ec="9" bec="0" bev="0" fileid="3" />
                <SequencePoint vc="65" uspid="600" ordinal="0" offset="30" sl="45" sc="9" el="45" ec="9" bec="0" bev="0" fileid="3" />
                <SequencePoint vc="65" uspid="601" ordinal="0" offset="42" sl="47" sc="9" el="47" ec="9" bec="0" bev="0" fileid="3" />
                <SequencePoint vc="32" uspid="602" ordinal="0" offset="56" sl="48" sc="13" el="48" ec="13" bec="0" bev="0" fileid="3" />
                <SequencePoint vc="33" uspid="603" ordinal="0" offset="74" sl="50" sc="13" el="50" ec="13" bec="0" bev="0" fileid="3" />
                <SequencePoint vc="65" uspid="604" ordinal="0" offset="90" sl="53" sc="5" el="53" ec="5" bec="0" bev="0" fileid="3" />
              </SequencePoints>
              <BranchPoints />
            </Method>
            <Method visited="true" cyclomaticComplexity="0" nPathComplexity="0" sequenceCoverage="100.0" branchCoverage="0" crapScore="0" isConstructor="false" isStatic="false" isGetter="false" isSetter="false">
              <Summary numSequencePoints="8" visitedSequencePoints="8" numBranchPoints="0" visitedBranchPoints="0" sequenceCoverage="100.0" branchCoverage="0" maxCyclomaticComplexity="0" minCyclomaticComplexity="0" maxCrapScore="0" minCrapScore="0" visitedClasses="0" numClasses="0" visitedMethods="1" numMethods="1" />
              <MetadataToken>100663307</MetadataToken>
              <Name>System.Void Enemies::AnimateSprite()</Name>
              <FileRef uid="3" />
              <SequencePoints>
                <SequencePoint vc="1104" uspid="605" ordinal="0" offset="0" sl="56" sc="5" el="56" ec="5" bec="0" bev="0" fileid="3" />
                <SequencePoint vc="1104" uspid="606" ordinal="0" offset="1" sl="57" sc="9" el="57" ec="9" bec="0" bev="0" fileid="3" />
                <SequencePoint vc="1104" uspid="607" ordinal="0" offset="15" sl="59" sc="9" el="59" ec="9" bec="0" bev="0" fileid="3" />
                <SequencePoint vc="348" uspid="608" ordinal="0" offset="38" sl="60" sc="9" el="60" ec="9" bec="0" bev="0" fileid="3" />
                <SequencePoint vc="348" uspid="609" ordinal="0" offset="39" sl="61" sc="13" el="61" ec="13" bec="0" bev="0" fileid="3" />
                <SequencePoint vc="348" uspid="610" ordinal="0" offset="46" sl="62" sc="9" el="62" ec="9" bec="0" bev="0" fileid="3" />
                <SequencePoint vc="1104" uspid="611" ordinal="0" offset="47" sl="63" sc="9" el="63" ec="9" bec="0" bev="0" fileid="3" />
                <SequencePoint vc="1104" uspid="612" ordinal="0" offset="72" sl="64" sc="5" el="64" ec="5" bec="0" bev="0" fileid="3" />
              </SequencePoints>
              <BranchPoints />
            </Method>
            <Method visited="true" cyclomaticComplexity="0" nPathComplexity="0" sequenceCoverage="85.29" branchCoverage="0" crapScore="0" isConstructor="false" isStatic="false" isGetter="false" isSetter="false">
              <Summary numSequencePoints="34" visitedSequencePoints="29" numBranchPoints="0" visitedBranchPoints="0" sequenceCoverage="85.29" branchCoverage="0" maxCyclomaticComplexity="0" minCyclomaticComplexity="0" maxCrapScore="0" minCrapScore="0" visitedClasses="0" numClasses="0" visitedMethods="1" numMethods="1" />
              <MetadataToken>100663308</MetadataToken>
              <Name>System.Void Enemies::Update()</Name>
              <FileRef uid="3" />
              <SequencePoints>
                <SequencePoint vc="13352" uspid="613" ordinal="0" offset="0" sl="67" sc="5" el="67" ec="5" bec="0" bev="0" fileid="3" />
                <SequencePoint vc="13352" uspid="614" ordinal="0" offset="1" sl="68" sc="9" el="68" ec="9" bec="0" bev="0" fileid="3" />
                <SequencePoint vc="13352" uspid="615" ordinal="0" offset="8" sl="69" sc="9" el="69" ec="9" bec="0" bev="0" fileid="3" />
                <SequencePoint vc="40" uspid="616" ordinal="0" offset="62" sl="70" sc="9" el="70" ec="9" bec="0" bev="0" fileid="3" />
                <SequencePoint vc="40" uspid="617" ordinal="0" offset="63" sl="71" sc="13" el="71" ec="13" bec="0" bev="0" fileid="3" />
                <SequencePoint vc="40" uspid="618" ordinal="0" offset="77" sl="74" sc="13" el="74" ec="13" bec="0" bev="0" fileid="3" />
                <SequencePoint vc="0" uspid="619" ordinal="0" offset="97" sl="75" sc="13" el="75" ec="13" bec="0" bev="0" fileid="3" />
                <SequencePoint vc="0" uspid="620" ordinal="0" offset="98" sl="76" sc="17" el="76" ec="17" bec="0" bev="0" fileid="3" />
                <SequencePoint vc="0" uspid="621" ordinal="0" offset="115" sl="77" sc="17" el="77" ec="17" bec="0" bev="0" fileid="3" />
                <SequencePoint vc="0" uspid="622" ordinal="0" offset="126" sl="78" sc="17" el="78" ec="17" bec="0" bev="0" fileid="3" />
                <SequencePoint vc="0" uspid="623" ordinal="0" offset="138" sl="79" sc="17" el="79" ec="17" bec="0" bev="0" fileid="3" />
                <SequencePoint vc="40" uspid="624" ordinal="0" offset="143" sl="82" sc="13" el="82" ec="13" bec="0" bev="0" fileid="3" />
                <SequencePoint vc="40" uspid="625" ordinal="0" offset="162" sl="84" sc="13" el="84" ec="13" bec="0" bev="0" fileid="3" />
                <SequencePoint vc="40" uspid="626" ordinal="0" offset="203" sl="86" sc="13" el="86" ec="13" bec="0" bev="0" fileid="3" />
                <SequencePoint vc="29" uspid="627" ordinal="0" offset="233" sl="87" sc="13" el="87" ec="13" bec="0" bev="0" fileid="3" />
                <SequencePoint vc="29" uspid="628" ordinal="0" offset="234" sl="88" sc="17" el="88" ec="17" bec="0" bev="0" fileid="3" />
                <SequencePoint vc="16" uspid="629" ordinal="0" offset="253" sl="89" sc="17" el="89" ec="17" bec="0" bev="0" fileid="3" />
                <SequencePoint vc="16" uspid="630" ordinal="0" offset="254" sl="91" sc="21" el="91" ec="21" bec="0" bev="0" fileid="3" />
                <SequencePoint vc="16" uspid="631" ordinal="0" offset="266" sl="92" sc="17" el="92" ec="17" bec="0" bev="0" fileid="3" />
                <SequencePoint vc="13" uspid="632" ordinal="0" offset="269" sl="94" sc="17" el="94" ec="17" bec="0" bev="0" fileid="3" />
                <SequencePoint vc="13" uspid="633" ordinal="0" offset="270" sl="96" sc="21" el="96" ec="21" bec="0" bev="0" fileid="3" />
                <SequencePoint vc="13" uspid="634" ordinal="0" offset="282" sl="97" sc="17" el="97" ec="17" bec="0" bev="0" fileid="3" />
                <SequencePoint vc="29" uspid="635" ordinal="0" offset="283" sl="98" sc="13" el="98" ec="13" bec="0" bev="0" fileid="3" />
                <SequencePoint vc="11" uspid="636" ordinal="0" offset="286" sl="100" sc="13" el="100" ec="13" bec="0" bev="0" fileid="3" />
                <SequencePoint vc="11" uspid="637" ordinal="0" offset="287" sl="101" sc="17" el="101" ec="17" bec="0" bev="0" fileid="3" />
                <SequencePoint vc="7" uspid="638" ordinal="0" offset="306" sl="102" sc="17" el="102" ec="17" bec="0" bev="0" fileid="3" />
                <SequencePoint vc="7" uspid="639" ordinal="0" offset="307" sl="104" sc="21" el="104" ec="21" bec="0" bev="0" fileid="3" />
                <SequencePoint vc="7" uspid="640" ordinal="0" offset="319" sl="105" sc="17" el="105" ec="17" bec="0" bev="0" fileid="3" />
                <SequencePoint vc="4" uspid="641" ordinal="0" offset="322" sl="107" sc="17" el="107" ec="17" bec="0" bev="0" fileid="3" />
                <SequencePoint vc="4" uspid="642" ordinal="0" offset="323" sl="108" sc="21" el="108" ec="21" bec="0" bev="0" fileid="3" />
                <SequencePoint vc="4" uspid="643" ordinal="0" offset="335" sl="110" sc="17" el="110" ec="17" bec="0" bev="0" fileid="3" />
                <SequencePoint vc="11" uspid="644" ordinal="0" offset="336" sl="111" sc="13" el="111" ec="13" bec="0" bev="0" fileid="3" />
                <SequencePoint vc="40" uspid="645" ordinal="0" offset="337" sl="112" sc="9" el="112" ec="9" bec="0" bev="0" fileid="3" />
                <SequencePoint vc="13352" uspid="646" ordinal="0" offset="338" sl="113" sc="5" el="113" ec="5" bec="0" bev="0" fileid="3" />
              </SequencePoints>
              <BranchPoints />
            </Method>
            <Method visited="true" cyclomaticComplexity="0" nPathComplexity="0" sequenceCoverage="100.0" branchCoverage="0" crapScore="0" isConstructor="false" isStatic="false" isGetter="false" isSetter="false">
              <Summary numSequencePoints="17" visitedSequencePoints="17" numBranchPoints="0" visitedBranchPoints="0" sequenceCoverage="100.0" branchCoverage="0" maxCyclomaticComplexity="0" minCyclomaticComplexity="0" maxCrapScore="0" minCrapScore="0" visitedClasses="0" numClasses="0" visitedMethods="1" numMethods="1" />
              <MetadataToken>100663309</MetadataToken>
              <Name>System.Void Enemies::HealthBarChange()</Name>
              <FileRef uid="3" />
              <SequencePoints>
                <SequencePoint vc="13352" uspid="647" ordinal="0" offset="0" sl="116" sc="5" el="116" ec="5" bec="0" bev="0" fileid="3" />
                <SequencePoint vc="13352" uspid="648" ordinal="0" offset="1" sl="117" sc="9" el="117" ec="9" bec="0" bev="0" fileid="3" />
                <SequencePoint vc="13352" uspid="649" ordinal="0" offset="15" sl="118" sc="9" el="118" ec="9" bec="0" bev="0" fileid="3" />
                <SequencePoint vc="33" uspid="650" ordinal="0" offset="30" sl="119" sc="9" el="119" ec="9" bec="0" bev="0" fileid="3" />
                <SequencePoint vc="33" uspid="651" ordinal="0" offset="31" sl="120" sc="13" el="120" ec="13" bec="0" bev="0" fileid="3" />
                <SequencePoint vc="33" uspid="652" ordinal="0" offset="42" sl="121" sc="13" el="121" ec="13" bec="0" bev="0" fileid="3" />
                <SequencePoint vc="33" uspid="653" ordinal="0" offset="59" sl="122" sc="13" el="122" ec="13" bec="0" bev="0" fileid="3" />
                <SequencePoint vc="33" uspid="654" ordinal="0" offset="71" sl="123" sc="13" el="123" ec="13" bec="0" bev="0" fileid="3" />
                <SequencePoint vc="13319" uspid="655" ordinal="0" offset="73" sl="125" sc="14" el="125" ec="14" bec="0" bev="0" fileid="3" />
                <SequencePoint vc="742" uspid="656" ordinal="0" offset="88" sl="126" sc="9" el="126" ec="9" bec="0" bev="0" fileid="3" />
                <SequencePoint vc="742" uspid="657" ordinal="0" offset="89" sl="127" sc="13" el="127" ec="13" bec="0" bev="0" fileid="3" />
                <SequencePoint vc="742" uspid="658" ordinal="0" offset="106" sl="128" sc="9" el="128" ec="9" bec="0" bev="0" fileid="3" />
                <SequencePoint vc="12577" uspid="659" ordinal="0" offset="109" sl="129" sc="14" el="129" ec="14" bec="0" bev="0" fileid="3" />
                <SequencePoint vc="234" uspid="660" ordinal="0" offset="124" sl="130" sc="9" el="130" ec="9" bec="0" bev="0" fileid="3" />
                <SequencePoint vc="234" uspid="661" ordinal="0" offset="125" sl="131" sc="13" el="131" ec="13" bec="0" bev="0" fileid="3" />
                <SequencePoint vc="234" uspid="662" ordinal="0" offset="142" sl="132" sc="9" el="132" ec="9" bec="0" bev="0" fileid="3" />
                <SequencePoint vc="13352" uspid="663" ordinal="0" offset="143" sl="133" sc="5" el="133" ec="5" bec="0" bev="0" fileid="3" />
              </SequencePoints>
              <BranchPoints />
            </Method>
            <Method visited="true" cyclomaticComplexity="0" nPathComplexity="0" sequenceCoverage="100.0" branchCoverage="0" crapScore="0" isConstructor="false" isStatic="false" isGetter="false" isSetter="false">
              <Summary numSequencePoints="4" visitedSequencePoints="4" numBranchPoints="0" visitedBranchPoints="0" sequenceCoverage="100.0" branchCoverage="0" maxCyclomaticComplexity="0" minCyclomaticComplexity="0" maxCrapScore="0" minCrapScore="0" visitedClasses="0" numClasses="0" visitedMethods="1" numMethods="1" />
              <MetadataToken>100663310</MetadataToken>
              <Name>System.Void Enemies::Start()</Name>
              <FileRef uid="3" />
              <SequencePoints>
                <SequencePoint vc="65" uspid="664" ordinal="0" offset="0" sl="136" sc="5" el="136" ec="5" bec="0" bev="0" fileid="3" />
                <SequencePoint vc="65" uspid="665" ordinal="0" offset="1" sl="137" sc="9" el="137" ec="9" bec="0" bev="0" fileid="3" />
                <SequencePoint vc="65" uspid="666" ordinal="0" offset="24" sl="138" sc="9" el="138" ec="9" bec="0" bev="0" fileid="3" />
                <SequencePoint vc="65" uspid="667" ordinal="0" offset="46" sl="139" sc="5" el="139" ec="5" bec="0" bev="0" fileid="3" />
              </SequencePoints>
              <BranchPoints />
            </Method>
            <Method visited="true" cyclomaticComplexity="0" nPathComplexity="0" sequenceCoverage="100.0" branchCoverage="0" crapScore="0" isConstructor="false" isStatic="false" isGetter="false" isSetter="false">
              <Summary numSequencePoints="4" visitedSequencePoints="4" numBranchPoints="0" visitedBranchPoints="0" sequenceCoverage="100.0" branchCoverage="0" maxCyclomaticComplexity="0" minCyclomaticComplexity="0" maxCrapScore="0" minCrapScore="0" visitedClasses="0" numClasses="0" visitedMethods="1" numMethods="1" />
              <MetadataToken>100663311</MetadataToken>
              <Name>System.Void Enemies::FixedUpdate()</Name>
              <FileRef uid="3" />
              <SequencePoints>
                <SequencePoint vc="8541" uspid="668" ordinal="0" offset="0" sl="142" sc="5" el="142" ec="5" bec="0" bev="0" fileid="3" />
                <SequencePoint vc="8541" uspid="669" ordinal="0" offset="1" sl="143" sc="9" el="143" ec="9" bec="0" bev="0" fileid="3" />
                <SequencePoint vc="8541" uspid="670" ordinal="0" offset="42" sl="144" sc="9" el="144" ec="9" bec="0" bev="0" fileid="3" />
                <SequencePoint vc="8541" uspid="671" ordinal="0" offset="66" sl="145" sc="5" el="145" ec="5" bec="0" bev="0" fileid="3" />
              </SequencePoints>
              <BranchPoints />
            </Method>
            <Method visited="true" cyclomaticComplexity="0" nPathComplexity="0" sequenceCoverage="100.0" branchCoverage="0" crapScore="0" isConstructor="false" isStatic="false" isGetter="false" isSetter="false">
              <Summary numSequencePoints="4" visitedSequencePoints="4" numBranchPoints="0" visitedBranchPoints="0" sequenceCoverage="100.0" branchCoverage="0" maxCyclomaticComplexity="0" minCyclomaticComplexity="0" maxCrapScore="0" minCrapScore="0" visitedClasses="0" numClasses="0" visitedMethods="1" numMethods="1" />
              <MetadataToken>100663312</MetadataToken>
              <Name>System.Void Enemies::TakeDamage(System.Single)</Name>
              <FileRef uid="3" />
              <SequencePoints>
                <SequencePoint vc="80" uspid="672" ordinal="0" offset="0" sl="148" sc="5" el="148" ec="5" bec="0" bev="0" fileid="3" />
                <SequencePoint vc="80" uspid="673" ordinal="0" offset="1" sl="149" sc="9" el="149" ec="9" bec="0" bev="0" fileid="3" />
                <SequencePoint vc="80" uspid="674" ordinal="0" offset="15" sl="150" sc="9" el="150" ec="9" bec="0" bev="0" fileid="3" />
                <SequencePoint vc="80" uspid="675" ordinal="0" offset="72" sl="151" sc="5" el="151" ec="5" bec="0" bev="0" fileid="3" />
              </SequencePoints>
              <BranchPoints />
            </Method>
            <Method visited="true" cyclomaticComplexity="0" nPathComplexity="0" sequenceCoverage="100.0" branchCoverage="0" crapScore="0" isConstructor="true" isStatic="false" isGetter="false" isSetter="false">
              <Summary numSequencePoints="2" visitedSequencePoints="2" numBranchPoints="0" visitedBranchPoints="0" sequenceCoverage="100.0" branchCoverage="0" maxCyclomaticComplexity="0" minCyclomaticComplexity="0" maxCrapScore="0" minCrapScore="0" visitedClasses="0" numClasses="0" visitedMethods="1" numMethods="1" />
              <MetadataToken>100663313</MetadataToken>
              <Name>Enemies::Enemies()</Name>
              <FileRef uid="3" />
              <SequencePoints>
                <SequencePoint vc="65" uspid="676" ordinal="0" offset="0" sl="22" sc="5" el="22" ec="5" bec="0" bev="0" fileid="3" />
                <SequencePoint vc="65" uspid="677" ordinal="0" offset="7" sl="36" sc="5" el="36" ec="5" bec="0" bev="0" fileid="3" />
              </SequencePoints>
              <BranchPoints />
            </Method>
          </Methods>
        </Class>
        <Class>
          <Summary numSequencePoints="35" visitedSequencePoints="29" numBranchPoints="0" visitedBranchPoints="0" sequenceCoverage="82.86" branchCoverage="0.0" maxCyclomaticComplexity="0" minCyclomaticComplexity="0" maxCrapScore="0" minCrapScore="0" visitedClasses="1" numClasses="1" visitedMethods="6" numMethods="6" />
          <FullName>LevelManager</FullName>
          <Methods>
            <Method visited="true" cyclomaticComplexity="0" nPathComplexity="0" sequenceCoverage="100.0" branchCoverage="0" crapScore="0" isConstructor="false" isStatic="false" isGetter="false" isSetter="false">
              <Summary numSequencePoints="3" visitedSequencePoints="3" numBranchPoints="0" visitedBranchPoints="0" sequenceCoverage="100.0" branchCoverage="0" maxCyclomaticComplexity="0" minCyclomaticComplexity="0" maxCrapScore="0" minCrapScore="0" visitedClasses="0" numClasses="0" visitedMethods="1" numMethods="1" />
              <MetadataToken>100663319</MetadataToken>
              <Name>System.Void LevelManager::Awake()</Name>
              <FileRef uid="5" />
              <SequencePoints>
                <SequencePoint vc="10" uspid="706" ordinal="0" offset="0" sl="23" sc="5" el="23" ec="5" bec="0" bev="0" fileid="5" />
                <SequencePoint vc="10" uspid="707" ordinal="0" offset="1" sl="24" sc="9" el="24" ec="9" bec="0" bev="0" fileid="5" />
                <SequencePoint vc="10" uspid="708" ordinal="0" offset="7" sl="25" sc="5" el="25" ec="5" bec="0" bev="0" fileid="5" />
              </SequencePoints>
              <BranchPoints />
            </Method>
            <Method visited="true" cyclomaticComplexity="0" nPathComplexity="0" sequenceCoverage="100.0" branchCoverage="0" crapScore="0" isConstructor="false" isStatic="false" isGetter="false" isSetter="false">
              <Summary numSequencePoints="8" visitedSequencePoints="8" numBranchPoints="0" visitedBranchPoints="0" sequenceCoverage="100.0" branchCoverage="0" maxCyclomaticComplexity="0" minCyclomaticComplexity="0" maxCrapScore="0" minCrapScore="0" visitedClasses="0" numClasses="0" visitedMethods="1" numMethods="1" />
              <MetadataToken>100663320</MetadataToken>
              <Name>System.Void LevelManager::Start()</Name>
              <FileRef uid="5" />
              <SequencePoints>
                <SequencePoint vc="10" uspid="709" ordinal="0" offset="0" sl="29" sc="5" el="29" ec="5" bec="0" bev="0" fileid="5" />
                <SequencePoint vc="10" uspid="710" ordinal="0" offset="1" sl="30" sc="9" el="30" ec="9" bec="0" bev="0" fileid="5" />
                <SequencePoint vc="10" uspid="711" ordinal="0" offset="12" sl="32" sc="9" el="32" ec="9" bec="0" bev="0" fileid="5" />
                <SequencePoint vc="3" uspid="712" ordinal="0" offset="28" sl="33" sc="9" el="33" ec="9" bec="0" bev="0" fileid="5" />
                <SequencePoint vc="3" uspid="713" ordinal="0" offset="29" sl="34" sc="13" el="34" ec="13" bec="0" bev="0" fileid="5" />
                <SequencePoint vc="3" uspid="714" ordinal="0" offset="41" sl="35" sc="13" el="35" ec="13" bec="0" bev="0" fileid="5" />
                <SequencePoint vc="3" uspid="715" ordinal="0" offset="53" sl="36" sc="9" el="36" ec="9" bec="0" bev="0" fileid="5" />
                <SequencePoint vc="10" uspid="716" ordinal="0" offset="54" sl="37" sc="5" el="37" ec="5" bec="0" bev="0" fileid="5" />
              </SequencePoints>
              <BranchPoints />
            </Method>
            <Method visited="true" cyclomaticComplexity="0" nPathComplexity="0" sequenceCoverage="66.67" branchCoverage="0" crapScore="0" isConstructor="false" isStatic="false" isGetter="false" isSetter="false">
              <Summary numSequencePoints="9" visitedSequencePoints="6" numBranchPoints="0" visitedBranchPoints="0" sequenceCoverage="66.67" branchCoverage="0" maxCyclomaticComplexity="0" minCyclomaticComplexity="0" maxCrapScore="0" minCrapScore="0" visitedClasses="0" numClasses="0" visitedMethods="1" numMethods="1" />
              <MetadataToken>100663321</MetadataToken>
              <Name>System.Void LevelManager::Update()</Name>
              <FileRef uid="5" />
              <SequencePoints>
                <SequencePoint vc="4443" uspid="717" ordinal="0" offset="0" sl="41" sc="5" el="41" ec="5" bec="0" bev="0" fileid="5" />
                <SequencePoint vc="4443" uspid="718" ordinal="0" offset="1" sl="42" sc="9" el="42" ec="9" bec="0" bev="0" fileid="5" />
                <SequencePoint vc="26" uspid="719" ordinal="0" offset="17" sl="43" sc="9" el="43" ec="9" bec="0" bev="0" fileid="5" />
                <SequencePoint vc="26" uspid="720" ordinal="0" offset="18" sl="45" sc="9" el="45" ec="9" bec="0" bev="0" fileid="5" />
                <SequencePoint vc="4443" uspid="721" ordinal="0" offset="19" sl="47" sc="9" el="47" ec="9" bec="0" bev="0" fileid="5" />
                <SequencePoint vc="0" uspid="722" ordinal="0" offset="32" sl="48" sc="9" el="48" ec="9" bec="0" bev="0" fileid="5" />
                <SequencePoint vc="0" uspid="723" ordinal="0" offset="33" sl="49" sc="13" el="49" ec="13" bec="0" bev="0" fileid="5" />
                <SequencePoint vc="0" uspid="724" ordinal="0" offset="39" sl="50" sc="9" el="50" ec="9" bec="0" bev="0" fileid="5" />
                <SequencePoint vc="4443" uspid="725" ordinal="0" offset="40" sl="51" sc="5" el="51" ec="5" bec="0" bev="0" fileid="5" />
              </SequencePoints>
              <BranchPoints />
            </Method>
            <Method visited="true" cyclomaticComplexity="0" nPathComplexity="0" sequenceCoverage="100.0" branchCoverage="0" crapScore="0" isConstructor="false" isStatic="false" isGetter="false" isSetter="false">
              <Summary numSequencePoints="3" visitedSequencePoints="3" numBranchPoints="0" visitedBranchPoints="0" sequenceCoverage="100.0" branchCoverage="0" maxCyclomaticComplexity="0" minCyclomaticComplexity="0" maxCrapScore="0" minCrapScore="0" visitedClasses="0" numClasses="0" visitedMethods="1" numMethods="1" />
              <MetadataToken>100663322</MetadataToken>
              <Name>System.Void LevelManager::IncreaseCurrency(System.Int32)</Name>
              <FileRef uid="5" />
              <SequencePoints>
                <SequencePoint vc="34" uspid="726" ordinal="0" offset="0" sl="54" sc="5" el="54" ec="5" bec="0" bev="0" fileid="5" />
                <SequencePoint vc="34" uspid="727" ordinal="0" offset="1" sl="55" sc="9" el="55" ec="9" bec="0" bev="0" fileid="5" />
                <SequencePoint vc="34" uspid="728" ordinal="0" offset="15" sl="56" sc="5" el="56" ec="5" bec="0" bev="0" fileid="5" />
              </SequencePoints>
              <BranchPoints />
            </Method>
            <Method visited="true" cyclomaticComplexity="0" nPathComplexity="0" sequenceCoverage="66.67" branchCoverage="0" crapScore="0" isConstructor="false" isStatic="false" isGetter="false" isSetter="false">
              <Summary numSequencePoints="9" visitedSequencePoints="6" numBranchPoints="0" visitedBranchPoints="0" sequenceCoverage="66.67" branchCoverage="0" maxCyclomaticComplexity="0" minCyclomaticComplexity="0" maxCrapScore="0" minCrapScore="0" visitedClasses="0" numClasses="0" visitedMethods="1" numMethods="1" />
              <MetadataToken>100663323</MetadataToken>
              <Name>System.Boolean LevelManager::Spend(System.Int32)</Name>
              <FileRef uid="5" />
              <SequencePoints>
                <SequencePoint vc="1" uspid="729" ordinal="0" offset="0" sl="59" sc="5" el="59" ec="5" bec="0" bev="0" fileid="5" />
                <SequencePoint vc="1" uspid="730" ordinal="0" offset="1" sl="60" sc="9" el="60" ec="9" bec="0" bev="0" fileid="5" />
                <SequencePoint vc="1" uspid="731" ordinal="0" offset="14" sl="61" sc="9" el="61" ec="9" bec="0" bev="0" fileid="5" />
                <SequencePoint vc="1" uspid="732" ordinal="0" offset="15" sl="62" sc="13" el="62" ec="13" bec="0" bev="0" fileid="5" />
                <SequencePoint vc="1" uspid="733" ordinal="0" offset="26" sl="63" sc="13" el="63" ec="13" bec="0" bev="0" fileid="5" />
                <SequencePoint vc="0" uspid="734" ordinal="0" offset="30" sl="66" sc="9" el="66" ec="9" bec="0" bev="0" fileid="5" />
                <SequencePoint vc="0" uspid="735" ordinal="0" offset="31" sl="67" sc="13" el="67" ec="13" bec="0" bev="0" fileid="5" />
                <SequencePoint vc="0" uspid="736" ordinal="0" offset="45" sl="68" sc="13" el="68" ec="13" bec="0" bev="0" fileid="5" />
                <SequencePoint vc="1" uspid="737" ordinal="0" offset="49" sl="70" sc="5" el="70" ec="5" bec="0" bev="0" fileid="5" />
              </SequencePoints>
              <BranchPoints />
            </Method>
            <Method visited="true" cyclomaticComplexity="0" nPathComplexity="0" sequenceCoverage="100.0" branchCoverage="0" crapScore="0" isConstructor="false" isStatic="false" isGetter="false" isSetter="false">
              <Summary numSequencePoints="3" visitedSequencePoints="3" numBranchPoints="0" visitedBranchPoints="0" sequenceCoverage="100.0" branchCoverage="0" maxCyclomaticComplexity="0" minCyclomaticComplexity="0" maxCrapScore="0" minCrapScore="0" visitedClasses="0" numClasses="0" visitedMethods="1" numMethods="1" />
              <MetadataToken>100663324</MetadataToken>
              <Name>System.Void LevelManager::ReduceHealth(System.Int32)</Name>
              <FileRef uid="5" />
              <SequencePoints>
                <SequencePoint vc="1" uspid="738" ordinal="0" offset="0" sl="73" sc="5" el="73" ec="5" bec="0" bev="0" fileid="5" />
                <SequencePoint vc="1" uspid="739" ordinal="0" offset="1" sl="74" sc="9" el="74" ec="9" bec="0" bev="0" fileid="5" />
                <SequencePoint vc="1" uspid="740" ordinal="0" offset="15" sl="75" sc="5" el="75" ec="5" bec="0" bev="0" fileid="5" />
              </SequencePoints>
              <BranchPoints />
            </Method>
          </Methods>
        </Class>
        <Class>
          <Summary numSequencePoints="46" visitedSequencePoints="46" numBranchPoints="0" visitedBranchPoints="0" sequenceCoverage="100.0" branchCoverage="0.0" maxCyclomaticComplexity="0" minCyclomaticComplexity="0" maxCrapScore="0" minCrapScore="0" visitedClasses="1" numClasses="1" visitedMethods="9" numMethods="9" />
          <FullName>Spawner</FullName>
          <Methods>
            <Method visited="true" cyclomaticComplexity="0" nPathComplexity="0" sequenceCoverage="100.0" branchCoverage="0" crapScore="0" isConstructor="false" isStatic="false" isGetter="false" isSetter="false">
              <Summary numSequencePoints="3" visitedSequencePoints="3" numBranchPoints="0" visitedBranchPoints="0" sequenceCoverage="100.0" branchCoverage="0" maxCyclomaticComplexity="0" minCyclomaticComplexity="0" maxCrapScore="0" minCrapScore="0" visitedClasses="0" numClasses="0" visitedMethods="1" numMethods="1" />
              <MetadataToken>100663338</MetadataToken>
              <Name>System.Void Spawner::Awake()</Name>
              <FileRef uid="8" />
              <SequencePoints>
                <SequencePoint vc="7" uspid="779" ordinal="0" offset="0" sl="29" sc="5" el="29" ec="5" bec="0" bev="0" fileid="8" />
                <SequencePoint vc="7" uspid="780" ordinal="0" offset="1" sl="30" sc="9" el="30" ec="9" bec="0" bev="0" fileid="8" />
                <SequencePoint vc="7" uspid="781" ordinal="0" offset="24" sl="31" sc="5" el="31" ec="5" bec="0" bev="0" fileid="8" />
              </SequencePoints>
              <BranchPoints />
            </Method>
            <Method visited="true" cyclomaticComplexity="0" nPathComplexity="0" sequenceCoverage="100.0" branchCoverage="0" crapScore="0" isConstructor="false" isStatic="false" isGetter="false" isSetter="false">
              <Summary numSequencePoints="3" visitedSequencePoints="3" numBranchPoints="0" visitedBranchPoints="0" sequenceCoverage="100.0" branchCoverage="0" maxCyclomaticComplexity="0" minCyclomaticComplexity="0" maxCrapScore="0" minCrapScore="0" visitedClasses="0" numClasses="0" visitedMethods="1" numMethods="1" />
              <MetadataToken>100663339</MetadataToken>
              <Name>System.Void Spawner::EnemyDestroyed()</Name>
              <FileRef uid="8" />
              <SequencePoints>
                <SequencePoint vc="33" uspid="782" ordinal="0" offset="0" sl="34" sc="5" el="34" ec="5" bec="0" bev="0" fileid="8" />
                <SequencePoint vc="33" uspid="783" ordinal="0" offset="1" sl="35" sc="9" el="35" ec="9" bec="0" bev="0" fileid="8" />
                <SequencePoint vc="33" uspid="784" ordinal="0" offset="15" sl="36" sc="5" el="36" ec="5" bec="0" bev="0" fileid="8" />
              </SequencePoints>
              <BranchPoints />
            </Method>
            <Method visited="true" cyclomaticComplexity="0" nPathComplexity="0" sequenceCoverage="100.0" branchCoverage="0" crapScore="0" isConstructor="false" isStatic="false" isGetter="false" isSetter="false">
              <Summary numSequencePoints="3" visitedSequencePoints="3" numBranchPoints="0" visitedBranchPoints="0" sequenceCoverage="100.0" branchCoverage="0" maxCyclomaticComplexity="0" minCyclomaticComplexity="0" maxCrapScore="0" minCrapScore="0" visitedClasses="0" numClasses="0" visitedMethods="1" numMethods="1" />
              <MetadataToken>100663340</MetadataToken>
              <Name>System.Void Spawner::Start()</Name>
              <FileRef uid="8" />
              <SequencePoints>
                <SequencePoint vc="7" uspid="785" ordinal="0" offset="0" sl="39" sc="5" el="39" ec="5" bec="0" bev="0" fileid="8" />
                <SequencePoint vc="7" uspid="786" ordinal="0" offset="1" sl="40" sc="9" el="40" ec="9" bec="0" bev="0" fileid="8" />
                <SequencePoint vc="7" uspid="787" ordinal="0" offset="14" sl="41" sc="5" el="41" ec="5" bec="0" bev="0" fileid="8" />
              </SequencePoints>
              <BranchPoints />
            </Method>
            <Method visited="true" cyclomaticComplexity="0" nPathComplexity="0" sequenceCoverage="100.0" branchCoverage="0" crapScore="0" isConstructor="false" isStatic="false" isGetter="false" isSetter="false">
              <Summary numSequencePoints="16" visitedSequencePoints="16" numBranchPoints="0" visitedBranchPoints="0" sequenceCoverage="100.0" branchCoverage="0" maxCyclomaticComplexity="0" minCyclomaticComplexity="0" maxCrapScore="0" minCrapScore="0" visitedClasses="0" numClasses="0" visitedMethods="1" numMethods="1" />
              <MetadataToken>100663342</MetadataToken>
              <Name>System.Void Spawner::Update()</Name>
              <FileRef uid="8" />
              <SequencePoints>
                <SequencePoint vc="4404" uspid="788" ordinal="0" offset="0" sl="51" sc="5" el="51" ec="5" bec="0" bev="0" fileid="8" />
                <SequencePoint vc="4404" uspid="789" ordinal="0" offset="1" sl="52" sc="9" el="52" ec="9" bec="0" bev="0" fileid="8" />
                <SequencePoint vc="1135" uspid="790" ordinal="0" offset="14" sl="52" sc="26" el="52" ec="26" bec="0" bev="0" fileid="8" />
                <SequencePoint vc="3269" uspid="791" ordinal="0" offset="19" sl="54" sc="9" el="54" ec="9" bec="0" bev="0" fileid="8" />
                <SequencePoint vc="3269" uspid="792" ordinal="0" offset="37" sl="56" sc="9" el="56" ec="9" bec="0" bev="0" fileid="8" />
                <SequencePoint vc="65" uspid="793" ordinal="0" offset="73" sl="57" sc="9" el="57" ec="9" bec="0" bev="0" fileid="8" />
                <SequencePoint vc="65" uspid="794" ordinal="0" offset="74" sl="58" sc="13" el="58" ec="13" bec="0" bev="0" fileid="8" />
                <SequencePoint vc="65" uspid="795" ordinal="0" offset="81" sl="59" sc="13" el="59" ec="13" bec="0" bev="0" fileid="8" />
                <SequencePoint vc="65" uspid="796" ordinal="0" offset="95" sl="60" sc="13" el="60" ec="13" bec="0" bev="0" fileid="8" />
                <SequencePoint vc="65" uspid="797" ordinal="0" offset="109" sl="61" sc="13" el="61" ec="13" bec="0" bev="0" fileid="8" />
                <SequencePoint vc="65" uspid="798" ordinal="0" offset="120" sl="62" sc="9" el="62" ec="9" bec="0" bev="0" fileid="8" />
                <SequencePoint vc="3269" uspid="799" ordinal="0" offset="121" sl="64" sc="9" el="64" ec="9" bec="0" bev="0" fileid="8" />
                <SequencePoint vc="2" uspid="800" ordinal="0" offset="145" sl="65" sc="9" el="65" ec="9" bec="0" bev="0" fileid="8" />
                <SequencePoint vc="2" uspid="801" ordinal="0" offset="146" sl="66" sc="13" el="66" ec="13" bec="0" bev="0" fileid="8" />
                <SequencePoint vc="2" uspid="802" ordinal="0" offset="153" sl="67" sc="9" el="67" ec="9" bec="0" bev="0" fileid="8" />
                <SequencePoint vc="4404" uspid="803" ordinal="0" offset="154" sl="68" sc="5" el="68" ec="5" bec="0" bev="0" fileid="8" />
              </SequencePoints>
              <BranchPoints />
            </Method>
            <Method visited="true" cyclomaticComplexity="0" nPathComplexity="0" sequenceCoverage="100.0" branchCoverage="0" crapScore="0" isConstructor="false" isStatic="false" isGetter="false" isSetter="false">
              <Summary numSequencePoints="6" visitedSequencePoints="6" numBranchPoints="0" visitedBranchPoints="0" sequenceCoverage="100.0" branchCoverage="0" maxCyclomaticComplexity="0" minCyclomaticComplexity="0" maxCrapScore="0" minCrapScore="0" visitedClasses="0" numClasses="0" visitedMethods="1" numMethods="1" />
              <MetadataToken>100663343</MetadataToken>
              <Name>System.Void Spawner::EndWave()</Name>
              <FileRef uid="8" />
              <SequencePoints>
                <SequencePoint vc="2" uspid="804" ordinal="0" offset="0" sl="71" sc="5" el="71" ec="5" bec="0" bev="0" fileid="8" />
                <SequencePoint vc="2" uspid="805" ordinal="0" offset="1" sl="72" sc="9" el="72" ec="9" bec="0" bev="0" fileid="8" />
                <SequencePoint vc="2" uspid="806" ordinal="0" offset="8" sl="73" sc="9" el="73" ec="9" bec="0" bev="0" fileid="8" />
                <SequencePoint vc="2" uspid="807" ordinal="0" offset="19" sl="74" sc="9" el="74" ec="9" bec="0" bev="0" fileid="8" />
                <SequencePoint vc="2" uspid="808" ordinal="0" offset="33" sl="75" sc="9" el="75" ec="9" bec="0" bev="0" fileid="8" />
                <SequencePoint vc="2" uspid="809" ordinal="0" offset="46" sl="76" sc="5" el="76" ec="5" bec="0" bev="0" fileid="8" />
              </SequencePoints>
              <BranchPoints />
            </Method>
            <Method visited="true" cyclomaticComplexity="0" nPathComplexity="0" sequenceCoverage="100.0" branchCoverage="0" crapScore="0" isConstructor="false" isStatic="false" isGetter="false" isSetter="false">
              <Summary numSequencePoints="5" visitedSequencePoints="5" numBranchPoints="0" visitedBranchPoints="0" sequenceCoverage="100.0" branchCoverage="0" maxCyclomaticComplexity="0" minCyclomaticComplexity="0" maxCrapScore="0" minCrapScore="0" visitedClasses="0" numClasses="0" visitedMethods="1" numMethods="1" />
              <MetadataToken>100663344</MetadataToken>
              <Name>System.Void Spawner::SpawnEnemy()</Name>
              <FileRef uid="8" />
              <SequencePoints>
                <SequencePoint vc="65" uspid="810" ordinal="0" offset="0" sl="79" sc="5" el="79" ec="5" bec="0" bev="0" fileid="8" />
                <SequencePoint vc="65" uspid="811" ordinal="0" offset="1" sl="81" sc="9" el="81" ec="9" bec="0" bev="0" fileid="8" />
                <SequencePoint vc="65" uspid="812" ordinal="0" offset="16" sl="84" sc="9" el="84" ec="9" bec="0" bev="0" fileid="8" />
                <SequencePoint vc="65" uspid="813" ordinal="0" offset="25" sl="87" sc="9" el="87" ec="9" bec="0" bev="0" fileid="8" />
                <SequencePoint vc="65" uspid="814" ordinal="0" offset="52" sl="88" sc="5" el="88" ec="5" bec="0" bev="0" fileid="8" />
              </SequencePoints>
              <BranchPoints />
            </Method>
            <Method visited="true" cyclomaticComplexity="0" nPathComplexity="0" sequenceCoverage="100.0" branchCoverage="0" crapScore="0" isConstructor="false" isStatic="false" isGetter="false" isSetter="false">
              <Summary numSequencePoints="3" visitedSequencePoints="3" numBranchPoints="0" visitedBranchPoints="0" sequenceCoverage="100.0" branchCoverage="0" maxCyclomaticComplexity="0" minCyclomaticComplexity="0" maxCrapScore="0" minCrapScore="0" visitedClasses="0" numClasses="0" visitedMethods="1" numMethods="1" />
              <MetadataToken>100663345</MetadataToken>
              <Name>System.Int32 Spawner::EnemiesPerWave()</Name>
              <FileRef uid="8" />
              <SequencePoints>
                <SequencePoint vc="8" uspid="815" ordinal="0" offset="0" sl="91" sc="5" el="91" ec="5" bec="0" bev="0" fileid="8" />
                <SequencePoint vc="8" uspid="816" ordinal="0" offset="1" sl="92" sc="9" el="92" ec="9" bec="0" bev="0" fileid="8" />
                <SequencePoint vc="8" uspid="817" ordinal="0" offset="35" sl="93" sc="5" el="93" ec="5" bec="0" bev="0" fileid="8" />
              </SequencePoints>
              <BranchPoints />
            </Method>
            <Method visited="true" cyclomaticComplexity="0" nPathComplexity="0" sequenceCoverage="100.0" branchCoverage="0" crapScore="0" isConstructor="true" isStatic="false" isGetter="false" isSetter="false">
              <Summary numSequencePoints="6" visitedSequencePoints="6" numBranchPoints="0" visitedBranchPoints="0" sequenceCoverage="100.0" branchCoverage="0" maxCyclomaticComplexity="0" minCyclomaticComplexity="0" maxCrapScore="0" minCrapScore="0" visitedClasses="0" numClasses="0" visitedMethods="1" numMethods="1" />
              <MetadataToken>100663346</MetadataToken>
              <Name>Spawner::Spawner()</Name>
              <FileRef uid="8" />
              <SequencePoints>
                <SequencePoint vc="7" uspid="818" ordinal="0" offset="0" sl="13" sc="22" el="13" ec="22" bec="0" bev="0" fileid="8" />
                <SequencePoint vc="7" uspid="819" ordinal="0" offset="7" sl="14" sc="22" el="14" ec="22" bec="0" bev="0" fileid="8" />
                <SequencePoint vc="7" uspid="820" ordinal="0" offset="18" sl="15" sc="22" el="15" ec="22" bec="0" bev="0" fileid="8" />
                <SequencePoint vc="7" uspid="821" ordinal="0" offset="29" sl="16" sc="22" el="16" ec="22" bec="0" bev="0" fileid="8" />
                <SequencePoint vc="7" uspid="822" ordinal="0" offset="40" sl="19" sc="22" el="19" ec="22" bec="0" bev="0" fileid="8" />
                <SequencePoint vc="7" uspid="823" ordinal="0" offset="47" sl="23" sc="22" el="23" ec="22" bec="0" bev="0" fileid="8" />
              </SequencePoints>
              <BranchPoints />
            </Method>
            <Method visited="true" cyclomaticComplexity="0" nPathComplexity="0" sequenceCoverage="100.0" branchCoverage="0" crapScore="0" isConstructor="true" isStatic="true" isGetter="false" isSetter="false">
              <Summary numSequencePoints="1" visitedSequencePoints="1" numBranchPoints="0" visitedBranchPoints="0" sequenceCoverage="100.0" branchCoverage="0" maxCyclomaticComplexity="0" minCyclomaticComplexity="0" maxCrapScore="0" minCrapScore="0" visitedClasses="0" numClasses="0" visitedMethods="1" numMethods="1" />
              <MetadataToken>100663347</MetadataToken>
              <Name>static Spawner::Spawner()</Name>
              <FileRef uid="8" />
              <SequencePoints>
                <SequencePoint vc="1" uspid="824" ordinal="0" offset="0" sl="26" sc="5" el="26" ec="5" bec="0" bev="0" fileid="8" />
              </SequencePoints>
              <BranchPoints />
            </Method>
          </Methods>
        </Class>
        <Class>
          <Summary numSequencePoints="22" visitedSequencePoints="22" numBranchPoints="0" visitedBranchPoints="0" sequenceCoverage="100.0" branchCoverage="0.0" maxCyclomaticComplexity="0" minCyclomaticComplexity="0" maxCrapScore="0" minCrapScore="0" visitedClasses="1" numClasses="1" visitedMethods="1" numMethods="1" />
          <FullName>Ammo</FullName>
          <Methods>
            <Method visited="true" cyclomaticComplexity="0" nPathComplexity="0" sequenceCoverage="100.0" branchCoverage="0" crapScore="0" isConstructor="false" isStatic="false" isGetter="false" isSetter="false">
              <Summary numSequencePoints="22" visitedSequencePoints="22" numBranchPoints="0" visitedBranchPoints="0" sequenceCoverage="100.0" branchCoverage="0" maxCyclomaticComplexity="0" minCyclomaticComplexity="0" maxCrapScore="0" minCrapScore="0" visitedClasses="0" numClasses="0" visitedMethods="1" numMethods="1" />
              <MetadataToken>100663358</MetadataToken>
              <Name>System.Void Ammo::OnCollisionEnter2D(UnityEngine.Collision2D)</Name>
              <FileRef uid="12" />
              <SequencePoints>
                <SequencePoint vc="73" uspid="864" ordinal="0" offset="0" sl="33" sc="5" el="33" ec="5" bec="0" bev="0" fileid="12" />
                <SequencePoint vc="73" uspid="865" ordinal="0" offset="1" sl="34" sc="9" el="34" ec="9" bec="0" bev="0" fileid="12" />
                <SequencePoint vc="20" uspid="866" ordinal="0" offset="21" sl="35" sc="9" el="35" ec="9" bec="0" bev="0" fileid="12" />
                <SequencePoint vc="20" uspid="867" ordinal="0" offset="22" sl="36" sc="13" el="36" ec="13" bec="0" bev="0" fileid="12" />
                <SequencePoint vc="20" uspid="868" ordinal="0" offset="34" sl="37" sc="13" el="37" ec="13" bec="0" bev="0" fileid="12" />
                <SequencePoint vc="20" uspid="869" ordinal="0" offset="62" sl="38" sc="13" el="38" ec="13" bec="0" bev="0" fileid="12" />
                <SequencePoint vc="20" uspid="870" ordinal="0" offset="63" sl="38" sc="41" el="38" ec="41" bec="0" bev="0" fileid="12" />
                <SequencePoint vc="43" uspid="871" ordinal="0" offset="69" sl="38" sc="22" el="38" ec="22" bec="0" bev="0" fileid="12" />
                <SequencePoint vc="43" uspid="872" ordinal="0" offset="74" sl="39" sc="13" el="39" ec="13" bec="0" bev="0" fileid="12" />
                <SequencePoint vc="43" uspid="873" ordinal="0" offset="75" sl="40" sc="17" el="40" ec="17" bec="0" bev="0" fileid="12" />
                <SequencePoint vc="41" uspid="874" ordinal="0" offset="93" sl="41" sc="17" el="41" ec="17" bec="0" bev="0" fileid="12" />
                <SequencePoint vc="41" uspid="875" ordinal="0" offset="94" sl="42" sc="21" el="42" ec="21" bec="0" bev="0" fileid="12" />
                <SequencePoint vc="41" uspid="876" ordinal="0" offset="113" sl="44" sc="17" el="44" ec="17" bec="0" bev="0" fileid="12" />
                <SequencePoint vc="43" uspid="877" ordinal="0" offset="114" sl="45" sc="13" el="45" ec="13" bec="0" bev="0" fileid="12" />
                <SequencePoint vc="63" uspid="878" ordinal="0" offset="119" sl="38" sc="38" el="38" ec="38" bec="0" bev="0" fileid="12" />
                <SequencePoint vc="20" uspid="879" ordinal="0" offset="125" sl="48" sc="9" el="48" ec="9" bec="0" bev="0" fileid="12" />
                <SequencePoint vc="53" uspid="880" ordinal="0" offset="128" sl="49" sc="14" el="49" ec="14" bec="0" bev="0" fileid="12" />
                <SequencePoint vc="39" uspid="881" ordinal="0" offset="150" sl="50" sc="9" el="50" ec="9" bec="0" bev="0" fileid="12" />
                <SequencePoint vc="39" uspid="882" ordinal="0" offset="151" sl="52" sc="13" el="52" ec="13" bec="0" bev="0" fileid="12" />
                <SequencePoint vc="39" uspid="883" ordinal="0" offset="174" sl="53" sc="13" el="53" ec="13" bec="0" bev="0" fileid="12" />
                <SequencePoint vc="39" uspid="884" ordinal="0" offset="186" sl="55" sc="9" el="55" ec="9" bec="0" bev="0" fileid="12" />
                <SequencePoint vc="73" uspid="885" ordinal="0" offset="187" sl="56" sc="5" el="56" ec="5" bec="0" bev="0" fileid="12" />
              </SequencePoints>
              <BranchPoints />
            </Method>
          </Methods>
        </Class>
        <Class>
          <Summary numSequencePoints="10" visitedSequencePoints="10" numBranchPoints="0" visitedBranchPoints="0" sequenceCoverage="100.0" branchCoverage="0.0" maxCyclomaticComplexity="0" minCyclomaticComplexity="0" maxCrapScore="0" minCrapScore="0" visitedClasses="1" numClasses="1" visitedMethods="2" numMethods="2" />
          <FullName>MultipleBarrels</FullName>
          <Methods>
            <Method visited="true" cyclomaticComplexity="0" nPathComplexity="0" sequenceCoverage="100.0" branchCoverage="0" crapScore="0" isConstructor="false" isStatic="false" isGetter="false" isSetter="false">
              <Summary numSequencePoints="7" visitedSequencePoints="7" numBranchPoints="0" visitedBranchPoints="0" sequenceCoverage="100.0" branchCoverage="0" maxCyclomaticComplexity="0" minCyclomaticComplexity="0" maxCrapScore="0" minCrapScore="0" visitedClasses="0" numClasses="0" visitedMethods="1" numMethods="1" />
              <MetadataToken>100663361</MetadataToken>
              <Name>System.Void MultipleBarrels::Awake()</Name>
              <FileRef uid="13" />
              <SequencePoints>
                <SequencePoint vc="7" uspid="886" ordinal="0" offset="0" sl="39" sc="5" el="39" ec="5" bec="0" bev="0" fileid="13" />
                <SequencePoint vc="7" uspid="887" ordinal="0" offset="1" sl="40" sc="9" el="40" ec="9" bec="0" bev="0" fileid="13" />
                <SequencePoint vc="7" uspid="888" ordinal="0" offset="14" sl="41" sc="9" el="41" ec="9" bec="0" bev="0" fileid="13" />
                <SequencePoint vc="7" uspid="889" ordinal="0" offset="27" sl="42" sc="9" el="42" ec="9" bec="0" bev="0" fileid="13" />
                <SequencePoint vc="7" uspid="890" ordinal="0" offset="40" sl="43" sc="9" el="43" ec="9" bec="0" bev="0" fileid="13" />
                <SequencePoint vc="7" uspid="891" ordinal="0" offset="53" sl="44" sc="9" el="44" ec="9" bec="0" bev="0" fileid="13" />
                <SequencePoint vc="7" uspid="892" ordinal="0" offset="60" sl="45" sc="5" el="45" ec="5" bec="0" bev="0" fileid="13" />
              </SequencePoints>
              <BranchPoints />
            </Method>
            <Method visited="true" cyclomaticComplexity="0" nPathComplexity="0" sequenceCoverage="100.0" branchCoverage="0" crapScore="0" isConstructor="false" isStatic="false" isGetter="false" isSetter="false">
              <Summary numSequencePoints="3" visitedSequencePoints="3" numBranchPoints="0" visitedBranchPoints="0" sequenceCoverage="100.0" branchCoverage="0" maxCyclomaticComplexity="0" minCyclomaticComplexity="0" maxCrapScore="0" minCrapScore="0" visitedClasses="0" numClasses="0" visitedMethods="1" numMethods="1" />
              <MetadataToken>100663363</MetadataToken>
              <Name>System.Void MultipleBarrels::Update()</Name>
              <FileRef uid="13" />
              <SequencePoints>
                <SequencePoint vc="4404" uspid="893" ordinal="0" offset="0" sl="60" sc="5" el="60" ec="5" bec="0" bev="0" fileid="13" />
                <SequencePoint vc="4404" uspid="894" ordinal="0" offset="1" sl="61" sc="9" el="61" ec="9" bec="0" bev="0" fileid="13" />
                <SequencePoint vc="4404" uspid="895" ordinal="0" offset="8" sl="63" sc="5" el="63" ec="5" bec="0" bev="0" fileid="13" />
              </SequencePoints>
              <BranchPoints />
            </Method>
          </Methods>
        </Class>
        <Class>
          <Summary numSequencePoints="12" visitedSequencePoints="12" numBranchPoints="0" visitedBranchPoints="0" sequenceCoverage="100.0" branchCoverage="0.0" maxCyclomaticComplexity="0" minCyclomaticComplexity="0" maxCrapScore="0" minCrapScore="0" visitedClasses="1" numClasses="1" visitedMethods="3" numMethods="3" />
          <FullName>OneBarrel</FullName>
          <Methods>
            <Method visited="true" cyclomaticComplexity="0" nPathComplexity="0" sequenceCoverage="100.0" branchCoverage="0" crapScore="0" isConstructor="false" isStatic="false" isGetter="false" isSetter="false">
              <Summary numSequencePoints="6" visitedSequencePoints="6" numBranchPoints="0" visitedBranchPoints="0" sequenceCoverage="100.0" branchCoverage="0" maxCyclomaticComplexity="0" minCyclomaticComplexity="0" maxCrapScore="0" minCrapScore="0" visitedClasses="0" numClasses="0" visitedMethods="1" numMethods="1" />
              <MetadataToken>100663365</MetadataToken>
              <Name>System.Void OneBarrel::Awake()</Name>
              <FileRef uid="14" />
              <SequencePoints>
                <SequencePoint vc="7" uspid="896" ordinal="0" offset="0" sl="19" sc="5" el="19" ec="5" bec="0" bev="0" fileid="14" />
                <SequencePoint vc="7" uspid="897" ordinal="0" offset="1" sl="20" sc="9" el="20" ec="9" bec="0" bev="0" fileid="14" />
                <SequencePoint vc="7" uspid="898" ordinal="0" offset="14" sl="21" sc="9" el="21" ec="9" bec="0" bev="0" fileid="14" />
                <SequencePoint vc="7" uspid="899" ordinal="0" offset="27" sl="22" sc="9" el="22" ec="9" bec="0" bev="0" fileid="14" />
                <SequencePoint vc="7" uspid="900" ordinal="0" offset="40" sl="23" sc="9" el="23" ec="9" bec="0" bev="0" fileid="14" />
                <SequencePoint vc="7" uspid="901" ordinal="0" offset="53" sl="24" sc="5" el="24" ec="5" bec="0" bev="0" fileid="14" />
              </SequencePoints>
              <BranchPoints />
            </Method>
            <Method visited="true" cyclomaticComplexity="0" nPathComplexity="0" sequenceCoverage="100.0" branchCoverage="0" crapScore="0" isConstructor="false" isStatic="false" isGetter="false" isSetter="false">
              <Summary numSequencePoints="3" visitedSequencePoints="3" numBranchPoints="0" visitedBranchPoints="0" sequenceCoverage="100.0" branchCoverage="0" maxCyclomaticComplexity="0" minCyclomaticComplexity="0" maxCrapScore="0" minCrapScore="0" visitedClasses="0" numClasses="0" visitedMethods="1" numMethods="1" />
              <MetadataToken>100663368</MetadataToken>
              <Name>System.Void OneBarrel::Update()</Name>
              <FileRef uid="14" />
              <SequencePoints>
                <SequencePoint vc="4404" uspid="902" ordinal="0" offset="0" sl="57" sc="5" el="57" ec="5" bec="0" bev="0" fileid="14" />
                <SequencePoint vc="4404" uspid="903" ordinal="0" offset="1" sl="58" sc="8" el="58" ec="8" bec="0" bev="0" fileid="14" />
                <SequencePoint vc="4404" uspid="904" ordinal="0" offset="8" sl="59" sc="5" el="59" ec="5" bec="0" bev="0" fileid="14" />
              </SequencePoints>
              <BranchPoints />
            </Method>
            <Method visited="true" cyclomaticComplexity="0" nPathComplexity="0" sequenceCoverage="100.0" branchCoverage="0" crapScore="0" isConstructor="true" isStatic="false" isGetter="false" isSetter="false">
              <Summary numSequencePoints="3" visitedSequencePoints="3" numBranchPoints="0" visitedBranchPoints="0" sequenceCoverage="100.0" branchCoverage="0" maxCyclomaticComplexity="0" minCyclomaticComplexity="0" maxCrapScore="0" minCrapScore="0" visitedClasses="0" numClasses="0" visitedMethods="1" numMethods="1" />
              <MetadataToken>100663369</MetadataToken>
              <Name>OneBarrel::OneBarrel()</Name>
              <FileRef uid="14" />
              <SequencePoints>
                <SequencePoint vc="14" uspid="905" ordinal="0" offset="0" sl="10" sc="22" el="10" ec="22" bec="0" bev="0" fileid="14" />
                <SequencePoint vc="14" uspid="906" ordinal="0" offset="11" sl="11" sc="22" el="11" ec="22" bec="0" bev="0" fileid="14" />
                <SequencePoint vc="14" uspid="907" ordinal="0" offset="22" sl="12" sc="22" el="12" ec="22" bec="0" bev="0" fileid="14" />
              </SequencePoints>
              <BranchPoints />
            </Method>
          </Methods>
        </Class>
        <Class>
          <Summary numSequencePoints="10" visitedSequencePoints="10" numBranchPoints="0" visitedBranchPoints="0" sequenceCoverage="100.0" branchCoverage="0.0" maxCyclomaticComplexity="0" minCyclomaticComplexity="0" maxCrapScore="0" minCrapScore="0" visitedClasses="1" numClasses="1" visitedMethods="2" numMethods="2" />
          <FullName>RocketStage3</FullName>
          <Methods>
            <Method visited="true" cyclomaticComplexity="0" nPathComplexity="0" sequenceCoverage="100.0" branchCoverage="0" crapScore="0" isConstructor="false" isStatic="false" isGetter="false" isSetter="false">
              <Summary numSequencePoints="7" visitedSequencePoints="7" numBranchPoints="0" visitedBranchPoints="0" sequenceCoverage="100.0" branchCoverage="0" maxCyclomaticComplexity="0" minCyclomaticComplexity="0" maxCrapScore="0" minCrapScore="0" visitedClasses="0" numClasses="0" visitedMethods="1" numMethods="1" />
              <MetadataToken>100663371</MetadataToken>
              <Name>System.Void RocketStage3::Awake()</Name>
              <FileRef uid="15" />
              <SequencePoints>
                <SequencePoint vc="7" uspid="908" ordinal="0" offset="0" sl="59" sc="5" el="59" ec="5" bec="0" bev="0" fileid="15" />
                <SequencePoint vc="7" uspid="909" ordinal="0" offset="1" sl="60" sc="9" el="60" ec="9" bec="0" bev="0" fileid="15" />
                <SequencePoint vc="7" uspid="910" ordinal="0" offset="14" sl="61" sc="9" el="61" ec="9" bec="0" bev="0" fileid="15" />
                <SequencePoint vc="7" uspid="911" ordinal="0" offset="27" sl="62" sc="9" el="62" ec="9" bec="0" bev="0" fileid="15" />
                <SequencePoint vc="7" uspid="912" ordinal="0" offset="40" sl="63" sc="9" el="63" ec="9" bec="0" bev="0" fileid="15" />
                <SequencePoint vc="7" uspid="913" ordinal="0" offset="53" sl="64" sc="9" el="64" ec="9" bec="0" bev="0" fileid="15" />
                <SequencePoint vc="7" uspid="914" ordinal="0" offset="60" sl="65" sc="5" el="65" ec="5" bec="0" bev="0" fileid="15" />
              </SequencePoints>
              <BranchPoints />
            </Method>
            <Method visited="true" cyclomaticComplexity="0" nPathComplexity="0" sequenceCoverage="100.0" branchCoverage="0" crapScore="0" isConstructor="false" isStatic="false" isGetter="false" isSetter="false">
              <Summary numSequencePoints="3" visitedSequencePoints="3" numBranchPoints="0" visitedBranchPoints="0" sequenceCoverage="100.0" branchCoverage="0" maxCyclomaticComplexity="0" minCyclomaticComplexity="0" maxCrapScore="0" minCrapScore="0" visitedClasses="0" numClasses="0" visitedMethods="1" numMethods="1" />
              <MetadataToken>100663373</MetadataToken>
              <Name>System.Void RocketStage3::Update()</Name>
              <FileRef uid="15" />
              <SequencePoints>
                <SequencePoint vc="4404" uspid="915" ordinal="0" offset="0" sl="80" sc="5" el="80" ec="5" bec="0" bev="0" fileid="15" />
                <SequencePoint vc="4404" uspid="916" ordinal="0" offset="1" sl="81" sc="9" el="81" ec="9" bec="0" bev="0" fileid="15" />
                <SequencePoint vc="4404" uspid="917" ordinal="0" offset="8" sl="83" sc="5" el="83" ec="5" bec="0" bev="0" fileid="15" />
              </SequencePoints>
              <BranchPoints />
            </Method>
          </Methods>
        </Class>
        <Class>
          <Summary numSequencePoints="11" visitedSequencePoints="11" numBranchPoints="0" visitedBranchPoints="0" sequenceCoverage="100.0" branchCoverage="0.0" maxCyclomaticComplexity="0" minCyclomaticComplexity="0" maxCrapScore="0" minCrapScore="0" visitedClasses="1" numClasses="1" visitedMethods="3" numMethods="3" />
          <FullName>RocketStageTwo</FullName>
          <Methods>
            <Method visited="true" cyclomaticComplexity="0" nPathComplexity="0" sequenceCoverage="100.0" branchCoverage="0" crapScore="0" isConstructor="false" isStatic="false" isGetter="false" isSetter="false">
              <Summary numSequencePoints="7" visitedSequencePoints="7" numBranchPoints="0" visitedBranchPoints="0" sequenceCoverage="100.0" branchCoverage="0" maxCyclomaticComplexity="0" minCyclomaticComplexity="0" maxCrapScore="0" minCrapScore="0" visitedClasses="0" numClasses="0" visitedMethods="1" numMethods="1" />
              <MetadataToken>100663376</MetadataToken>
              <Name>System.Void RocketStageTwo::Awake()</Name>
              <FileRef uid="16" />
              <SequencePoints>
                <SequencePoint vc="7" uspid="918" ordinal="0" offset="0" sl="46" sc="5" el="46" ec="5" bec="0" bev="0" fileid="16" />
                <SequencePoint vc="7" uspid="919" ordinal="0" offset="1" sl="47" sc="9" el="47" ec="9" bec="0" bev="0" fileid="16" />
                <SequencePoint vc="7" uspid="920" ordinal="0" offset="14" sl="48" sc="9" el="48" ec="9" bec="0" bev="0" fileid="16" />
                <SequencePoint vc="7" uspid="921" ordinal="0" offset="27" sl="49" sc="9" el="49" ec="9" bec="0" bev="0" fileid="16" />
                <SequencePoint vc="7" uspid="922" ordinal="0" offset="40" sl="50" sc="9" el="50" ec="9" bec="0" bev="0" fileid="16" />
                <SequencePoint vc="7" uspid="923" ordinal="0" offset="53" sl="51" sc="9" el="51" ec="9" bec="0" bev="0" fileid="16" />
                <SequencePoint vc="7" uspid="924" ordinal="0" offset="60" sl="52" sc="5" el="52" ec="5" bec="0" bev="0" fileid="16" />
              </SequencePoints>
              <BranchPoints />
            </Method>
            <Method visited="true" cyclomaticComplexity="0" nPathComplexity="0" sequenceCoverage="100.0" branchCoverage="0" crapScore="0" isConstructor="false" isStatic="false" isGetter="false" isSetter="false">
              <Summary numSequencePoints="3" visitedSequencePoints="3" numBranchPoints="0" visitedBranchPoints="0" sequenceCoverage="100.0" branchCoverage="0" maxCyclomaticComplexity="0" minCyclomaticComplexity="0" maxCrapScore="0" minCrapScore="0" visitedClasses="0" numClasses="0" visitedMethods="1" numMethods="1" />
              <MetadataToken>100663378</MetadataToken>
              <Name>System.Void RocketStageTwo::Update()</Name>
              <FileRef uid="16" />
              <SequencePoints>
                <SequencePoint vc="4404" uspid="925" ordinal="0" offset="0" sl="67" sc="5" el="67" ec="5" bec="0" bev="0" fileid="16" />
                <SequencePoint vc="4404" uspid="926" ordinal="0" offset="1" sl="68" sc="9" el="68" ec="9" bec="0" bev="0" fileid="16" />
                <SequencePoint vc="4404" uspid="927" ordinal="0" offset="8" sl="70" sc="5" el="70" ec="5" bec="0" bev="0" fileid="16" />
              </SequencePoints>
              <BranchPoints />
            </Method>
            <Method visited="true" cyclomaticComplexity="0" nPathComplexity="0" sequenceCoverage="100.0" branchCoverage="0" crapScore="0" isConstructor="true" isStatic="false" isGetter="false" isSetter="false">
              <Summary numSequencePoints="1" visitedSequencePoints="1" numBranchPoints="0" visitedBranchPoints="0" sequenceCoverage="100.0" branchCoverage="0" maxCyclomaticComplexity="0" minCyclomaticComplexity="0" maxCrapScore="0" minCrapScore="0" visitedClasses="0" numClasses="0" visitedMethods="1" numMethods="1" />
              <MetadataToken>100663379</MetadataToken>
              <Name>RocketStageTwo::RocketStageTwo()</Name>
              <FileRef uid="16" />
              <SequencePoints>
                <SequencePoint vc="14" uspid="928" ordinal="0" offset="0" sl="17" sc="5" el="17" ec="5" bec="0" bev="0" fileid="16" />
              </SequencePoints>
              <BranchPoints />
            </Method>
          </Methods>
        </Class>
        <Class>
          <Summary numSequencePoints="50" visitedSequencePoints="48" numBranchPoints="0" visitedBranchPoints="0" sequenceCoverage="96.00" branchCoverage="0.0" maxCyclomaticComplexity="0" minCyclomaticComplexity="0" maxCrapScore="0" minCrapScore="0" visitedClasses="1" numClasses="1" visitedMethods="14" numMethods="14" />
          <FullName>Towers</FullName>
          <Methods>
            <Method visited="true" cyclomaticComplexity="0" nPathComplexity="0" sequenceCoverage="100.0" branchCoverage="0" crapScore="0" isConstructor="false" isStatic="false" isGetter="true" isSetter="false">
              <Summary numSequencePoints="1" visitedSequencePoints="1" numBranchPoints="0" visitedBranchPoints="0" sequenceCoverage="100.0" branchCoverage="0" maxCyclomaticComplexity="0" minCyclomaticComplexity="0" maxCrapScore="0" minCrapScore="0" visitedClasses="0" numClasses="0" visitedMethods="1" numMethods="1" />
              <MetadataToken>100663380</MetadataToken>
              <Name>System.Single Towers::get_Range()</Name>
              <FileRef uid="17" />
              <SequencePoints>
                <SequencePoint vc="17654" uspid="929" ordinal="0" offset="0" sl="8" sc="27" el="8" ec="27" bec="0" bev="0" fileid="17" />
              </SequencePoints>
              <BranchPoints />
            </Method>
            <Method visited="true" cyclomaticComplexity="0" nPathComplexity="0" sequenceCoverage="100.0" branchCoverage="0" crapScore="0" isConstructor="false" isStatic="false" isGetter="false" isSetter="true">
              <Summary numSequencePoints="1" visitedSequencePoints="1" numBranchPoints="0" visitedBranchPoints="0" sequenceCoverage="100.0" branchCoverage="0" maxCyclomaticComplexity="0" minCyclomaticComplexity="0" maxCrapScore="0" minCrapScore="0" visitedClasses="0" numClasses="0" visitedMethods="1" numMethods="1" />
              <MetadataToken>100663381</MetadataToken>
              <Name>System.Void Towers::set_Range(System.Single)</Name>
              <FileRef uid="17" />
              <SequencePoints>
                <SequencePoint vc="28" uspid="930" ordinal="0" offset="0" sl="8" sc="33" el="8" ec="33" bec="0" bev="0" fileid="17" />
              </SequencePoints>
              <BranchPoints />
            </Method>
            <Method visited="true" cyclomaticComplexity="0" nPathComplexity="0" sequenceCoverage="100.0" branchCoverage="0" crapScore="0" isConstructor="false" isStatic="false" isGetter="true" isSetter="false">
              <Summary numSequencePoints="1" visitedSequencePoints="1" numBranchPoints="0" visitedBranchPoints="0" sequenceCoverage="100.0" branchCoverage="0" maxCyclomaticComplexity="0" minCyclomaticComplexity="0" maxCrapScore="0" minCrapScore="0" visitedClasses="0" numClasses="0" visitedMethods="1" numMethods="1" />
              <MetadataToken>100663382</MetadataToken>
              <Name>System.Single Towers::get_Bulletspeed()</Name>
              <FileRef uid="17" />
              <SequencePoints>
                <SequencePoint vc="60" uspid="931" ordinal="0" offset="0" sl="9" sc="32" el="9" ec="32" bec="0" bev="0" fileid="17" />
              </SequencePoints>
              <BranchPoints />
            </Method>
            <Method visited="true" cyclomaticComplexity="0" nPathComplexity="0" sequenceCoverage="100.0" branchCoverage="0" crapScore="0" isConstructor="false" isStatic="false" isGetter="false" isSetter="true">
              <Summary numSequencePoints="1" visitedSequencePoints="1" numBranchPoints="0" visitedBranchPoints="0" sequenceCoverage="100.0" branchCoverage="0" maxCyclomaticComplexity="0" minCyclomaticComplexity="0" maxCrapScore="0" minCrapScore="0" visitedClasses="0" numClasses="0" visitedMethods="1" numMethods="1" />
              <MetadataToken>100663383</MetadataToken>
              <Name>System.Void Towers::set_Bulletspeed(System.Single)</Name>
              <FileRef uid="17" />
              <SequencePoints>
                <SequencePoint vc="28" uspid="932" ordinal="0" offset="0" sl="9" sc="37" el="9" ec="37" bec="0" bev="0" fileid="17" />
              </SequencePoints>
              <BranchPoints />
            </Method>
            <Method visited="true" cyclomaticComplexity="0" nPathComplexity="0" sequenceCoverage="100.0" branchCoverage="0" crapScore="0" isConstructor="false" isStatic="false" isGetter="true" isSetter="false">
              <Summary numSequencePoints="1" visitedSequencePoints="1" numBranchPoints="0" visitedBranchPoints="0" sequenceCoverage="100.0" branchCoverage="0" maxCyclomaticComplexity="0" minCyclomaticComplexity="0" maxCrapScore="0" minCrapScore="0" visitedClasses="0" numClasses="0" visitedMethods="1" numMethods="1" />
              <MetadataToken>100663384</MetadataToken>
              <Name>System.Single Towers::get_Bps()</Name>
              <FileRef uid="17" />
              <SequencePoints>
                <SequencePoint vc="2343" uspid="933" ordinal="0" offset="0" sl="10" sc="25" el="10" ec="25" bec="0" bev="0" fileid="17" />
              </SequencePoints>
              <BranchPoints />
            </Method>
            <Method visited="true" cyclomaticComplexity="0" nPathComplexity="0" sequenceCoverage="100.0" branchCoverage="0" crapScore="0" isConstructor="false" isStatic="false" isGetter="false" isSetter="true">
              <Summary numSequencePoints="1" visitedSequencePoints="1" numBranchPoints="0" visitedBranchPoints="0" sequenceCoverage="100.0" branchCoverage="0" maxCyclomaticComplexity="0" minCyclomaticComplexity="0" maxCrapScore="0" minCrapScore="0" visitedClasses="0" numClasses="0" visitedMethods="1" numMethods="1" />
              <MetadataToken>100663385</MetadataToken>
              <Name>System.Void Towers::set_Bps(System.Single)</Name>
              <FileRef uid="17" />
              <SequencePoints>
                <SequencePoint vc="28" uspid="934" ordinal="0" offset="0" sl="10" sc="30" el="10" ec="30" bec="0" bev="0" fileid="17" />
              </SequencePoints>
              <BranchPoints />
            </Method>
            <Method visited="true" cyclomaticComplexity="0" nPathComplexity="0" sequenceCoverage="100.0" branchCoverage="0" crapScore="0" isConstructor="false" isStatic="false" isGetter="true" isSetter="false">
              <Summary numSequencePoints="1" visitedSequencePoints="1" numBranchPoints="0" visitedBranchPoints="0" sequenceCoverage="100.0" branchCoverage="0" maxCyclomaticComplexity="0" minCyclomaticComplexity="0" maxCrapScore="0" minCrapScore="0" visitedClasses="0" numClasses="0" visitedMethods="1" numMethods="1" />
              <MetadataToken>100663386</MetadataToken>
              <Name>UnityEngine.GameObject Towers::get_Target()</Name>
              <FileRef uid="17" />
              <SequencePoints>
                <SequencePoint vc="24898" uspid="935" ordinal="0" offset="0" sl="13" sc="32" el="13" ec="32" bec="0" bev="0" fileid="17" />
              </SequencePoints>
              <BranchPoints />
            </Method>
            <Method visited="true" cyclomaticComplexity="0" nPathComplexity="0" sequenceCoverage="100.0" branchCoverage="0" crapScore="0" isConstructor="false" isStatic="false" isGetter="false" isSetter="true">
              <Summary numSequencePoints="1" visitedSequencePoints="1" numBranchPoints="0" visitedBranchPoints="0" sequenceCoverage="100.0" branchCoverage="0" maxCyclomaticComplexity="0" minCyclomaticComplexity="0" maxCrapScore="0" minCrapScore="0" visitedClasses="0" numClasses="0" visitedMethods="1" numMethods="1" />
              <MetadataToken>100663387</MetadataToken>
              <Name>System.Void Towers::set_Target(UnityEngine.GameObject)</Name>
              <FileRef uid="17" />
              <SequencePoints>
                <SequencePoint vc="15301" uspid="936" ordinal="0" offset="0" sl="13" sc="37" el="13" ec="37" bec="0" bev="0" fileid="17" />
              </SequencePoints>
              <BranchPoints />
            </Method>
            <Method visited="true" cyclomaticComplexity="0" nPathComplexity="0" sequenceCoverage="100.0" branchCoverage="0" crapScore="0" isConstructor="false" isStatic="false" isGetter="false" isSetter="false">
              <Summary numSequencePoints="10" visitedSequencePoints="10" numBranchPoints="0" visitedBranchPoints="0" sequenceCoverage="100.0" branchCoverage="0" maxCyclomaticComplexity="0" minCyclomaticComplexity="0" maxCrapScore="0" minCrapScore="0" visitedClasses="0" numClasses="0" visitedMethods="1" numMethods="1" />
              <MetadataToken>100663388</MetadataToken>
              <Name>System.Void Towers::FindTarget()</Name>
              <FileRef uid="17" />
              <SequencePoints>
                <SequencePoint vc="15224" uspid="937" ordinal="0" offset="0" sl="21" sc="5" el="21" ec="5" bec="0" bev="0" fileid="17" />
                <SequencePoint vc="15224" uspid="938" ordinal="0" offset="1" sl="22" sc="9" el="22" ec="9" bec="0" bev="0" fileid="17" />
                <SequencePoint vc="15224" uspid="939" ordinal="0" offset="61" sl="23" sc="9" el="23" ec="9" bec="0" bev="0" fileid="17" />
                <SequencePoint vc="60" uspid="940" ordinal="0" offset="70" sl="24" sc="9" el="24" ec="9" bec="0" bev="0" fileid="17" />
                <SequencePoint vc="60" uspid="941" ordinal="0" offset="71" sl="25" sc="13" el="25" ec="13" bec="0" bev="0" fileid="17" />
                <SequencePoint vc="60" uspid="942" ordinal="0" offset="95" sl="26" sc="9" el="26" ec="9" bec="0" bev="0" fileid="17" />
                <SequencePoint vc="15164" uspid="943" ordinal="0" offset="98" sl="28" sc="9" el="28" ec="9" bec="0" bev="0" fileid="17" />
                <SequencePoint vc="15164" uspid="944" ordinal="0" offset="99" sl="29" sc="13" el="29" ec="13" bec="0" bev="0" fileid="17" />
                <SequencePoint vc="15164" uspid="945" ordinal="0" offset="107" sl="30" sc="9" el="30" ec="9" bec="0" bev="0" fileid="17" />
                <SequencePoint vc="15224" uspid="946" ordinal="0" offset="108" sl="31" sc="5" el="31" ec="5" bec="0" bev="0" fileid="17" />
              </SequencePoints>
              <BranchPoints />
            </Method>
            <Method visited="true" cyclomaticComplexity="0" nPathComplexity="0" sequenceCoverage="100.0" branchCoverage="0" crapScore="0" isConstructor="false" isStatic="false" isGetter="false" isSetter="false">
              <Summary numSequencePoints="3" visitedSequencePoints="3" numBranchPoints="0" visitedBranchPoints="0" sequenceCoverage="100.0" branchCoverage="0" maxCyclomaticComplexity="0" minCyclomaticComplexity="0" maxCrapScore="0" minCrapScore="0" visitedClasses="0" numClasses="0" visitedMethods="1" numMethods="1" />
              <MetadataToken>100663390</MetadataToken>
              <Name>System.Boolean Towers::CheckInRange()</Name>
              <FileRef uid="17" />
              <SequencePoints>
                <SequencePoint vc="2430" uspid="953" ordinal="0" offset="0" sl="43" sc="5" el="43" ec="5" bec="0" bev="0" fileid="17" />
                <SequencePoint vc="2430" uspid="954" ordinal="0" offset="1" sl="44" sc="9" el="44" ec="9" bec="0" bev="0" fileid="17" />
                <SequencePoint vc="2430" uspid="955" ordinal="0" offset="57" sl="45" sc="5" el="45" ec="5" bec="0" bev="0" fileid="17" />
              </SequencePoints>
              <BranchPoints />
            </Method>
            <Method visited="true" cyclomaticComplexity="0" nPathComplexity="0" sequenceCoverage="100.0" branchCoverage="0" crapScore="0" isConstructor="false" isStatic="false" isGetter="false" isSetter="false">
              <Summary numSequencePoints="3" visitedSequencePoints="3" numBranchPoints="0" visitedBranchPoints="0" sequenceCoverage="100.0" branchCoverage="0" maxCyclomaticComplexity="0" minCyclomaticComplexity="0" maxCrapScore="0" minCrapScore="0" visitedClasses="0" numClasses="0" visitedMethods="1" numMethods="1" />
              <MetadataToken>100663392</MetadataToken>
              <Name>System.Void Towers::BulletAngle(UnityEngine.GameObject)</Name>
              <FileRef uid="17" />
              <SequencePoints>
                <SequencePoint vc="60" uspid="956" ordinal="0" offset="0" sl="53" sc="5" el="53" ec="5" bec="0" bev="0" fileid="17" />
                <SequencePoint vc="60" uspid="957" ordinal="0" offset="1" sl="54" sc="9" el="54" ec="9" bec="0" bev="0" fileid="17" />
                <SequencePoint vc="60" uspid="958" ordinal="0" offset="29" sl="55" sc="5" el="55" ec="5" bec="0" bev="0" fileid="17" />
              </SequencePoints>
              <BranchPoints />
            </Method>
            <Method visited="true" cyclomaticComplexity="0" nPathComplexity="0" sequenceCoverage="100.0" branchCoverage="0" crapScore="0" isConstructor="false" isStatic="false" isGetter="false" isSetter="false">
              <Summary numSequencePoints="17" visitedSequencePoints="17" numBranchPoints="0" visitedBranchPoints="0" sequenceCoverage="100.0" branchCoverage="0" maxCyclomaticComplexity="0" minCyclomaticComplexity="0" maxCrapScore="0" minCrapScore="0" visitedClasses="0" numClasses="0" visitedMethods="1" numMethods="1" />
              <MetadataToken>100663393</MetadataToken>
              <Name>System.Void Towers::GunUpdate()</Name>
              <FileRef uid="17" />
              <SequencePoints>
                <SequencePoint vc="17616" uspid="959" ordinal="0" offset="0" sl="58" sc="5" el="58" ec="5" bec="0" bev="0" fileid="17" />
                <SequencePoint vc="17616" uspid="960" ordinal="0" offset="1" sl="59" sc="9" el="59" ec="9" bec="0" bev="0" fileid="17" />
                <SequencePoint vc="15224" uspid="961" ordinal="0" offset="17" sl="60" sc="9" el="60" ec="9" bec="0" bev="0" fileid="17" />
                <SequencePoint vc="15224" uspid="962" ordinal="0" offset="18" sl="61" sc="13" el="61" ec="13" bec="0" bev="0" fileid="17" />
                <SequencePoint vc="15224" uspid="963" ordinal="0" offset="25" sl="62" sc="13" el="62" ec="13" bec="0" bev="0" fileid="17" />
                <SequencePoint vc="2392" uspid="964" ordinal="0" offset="27" sl="65" sc="9" el="65" ec="9" bec="0" bev="0" fileid="17" />
                <SequencePoint vc="2392" uspid="965" ordinal="0" offset="34" sl="66" sc="9" el="66" ec="9" bec="0" bev="0" fileid="17" />
                <SequencePoint vc="2392" uspid="966" ordinal="0" offset="52" sl="68" sc="9" el="68" ec="9" bec="0" bev="0" fileid="17" />
                <SequencePoint vc="49" uspid="967" ordinal="0" offset="65" sl="69" sc="9" el="69" ec="9" bec="0" bev="0" fileid="17" />
                <SequencePoint vc="49" uspid="968" ordinal="0" offset="66" sl="70" sc="13" el="70" ec="13" bec="0" bev="0" fileid="17" />
                <SequencePoint vc="49" uspid="969" ordinal="0" offset="74" sl="71" sc="9" el="71" ec="9" bec="0" bev="0" fileid="17" />
                <SequencePoint vc="2343" uspid="970" ordinal="0" offset="77" sl="72" sc="14" el="72" ec="14" bec="0" bev="0" fileid="17" />
                <SequencePoint vc="38" uspid="971" ordinal="0" offset="110" sl="73" sc="9" el="73" ec="9" bec="0" bev="0" fileid="17" />
                <SequencePoint vc="38" uspid="972" ordinal="0" offset="111" sl="74" sc="13" el="74" ec="13" bec="0" bev="0" fileid="17" />
[...]
                <SequencePoint vc="1" uspid="1080" ordinal="0" offset="19" sl="24" sc="9" el="24" ec="9" bec="0" bev="0" fileid="20" />
                <SequencePoint vc="1" uspid="1081" ordinal="0" offset="35" sl="26" sc="9" el="26" ec="9" bec="0" bev="0" fileid="20" />
                <SequencePoint vc="1" uspid="1082" ordinal="0" offset="52" sl="28" sc="9" el="28" ec="9" bec="0" bev="0" fileid="20" />
                <SequencePoint vc="1" uspid="1083" ordinal="0" offset="70" sl="32" sc="5" el="32" ec="5" bec="0" bev="0" fileid="20" />
              </SequencePoints>
              <BranchPoints />
            </Method>
          </Methods>
        </Class>
        <Class>
          <Summary numSequencePoints="17" visitedSequencePoints="17" numBranchPoints="0" visitedBranchPoints="0" sequenceCoverage="100.0" branchCoverage="0.0" maxCyclomaticComplexity="0" minCyclomaticComplexity="0" maxCrapScore="0" minCrapScore="0" visitedClasses="1" numClasses="1" visitedMethods="1" numMethods="1" />
          <FullName>Bullet_Test/&lt;Bullet_InstatiateTest&gt;d__1</FullName>
          <Methods>
            <Method visited="true" cyclomaticComplexity="0" nPathComplexity="0" sequenceCoverage="100.0" branchCoverage="0" crapScore="0" isConstructor="false" isStatic="false" isGetter="false" isSetter="false">
              <Summary numSequencePoints="17" visitedSequencePoints="17" numBranchPoints="0" visitedBranchPoints="0" sequenceCoverage="100.0" branchCoverage="0" maxCyclomaticComplexity="0" minCyclomaticComplexity="0" maxCrapScore="0" minCrapScore="0" visitedClasses="0" numClasses="0" visitedMethods="1" numMethods="1" />
              <MetadataToken>100663317</MetadataToken>
              <Name>System.Boolean Bullet_Test/&lt;Bullet_InstatiateTest&gt;d__1::MoveNext()</Name>
              <FileRef uid="21" />
              <SequencePoints>
                <SequencePoint vc="1" uspid="1084" ordinal="0" offset="72" sl="35" sc="5" el="35" ec="5" bec="0" bev="0" fileid="21" />
                <SequencePoint vc="1" uspid="1085" ordinal="0" offset="73" sl="36" sc="9" el="36" ec="9" bec="0" bev="0" fileid="21" />
                <SequencePoint vc="1" uspid="1086" ordinal="0" offset="105" sl="37" sc="9" el="37" ec="9" bec="0" bev="0" fileid="21" />
                <SequencePoint vc="1" uspid="1087" ordinal="0" offset="121" sl="38" sc="9" el="38" ec="9" bec="0" bev="0" fileid="21" />
                <SequencePoint vc="1" uspid="1088" ordinal="0" offset="137" sl="39" sc="9" el="39" ec="9" bec="0" bev="0" fileid="21" />
                <SequencePoint vc="1" uspid="1089" ordinal="0" offset="154" sl="40" sc="9" el="40" ec="9" bec="0" bev="0" fileid="21" />
                <SequencePoint vc="1" uspid="1090" ordinal="0" offset="171" sl="42" sc="9" el="42" ec="9" bec="0" bev="0" fileid="21" />
                <SequencePoint vc="1" uspid="1091" ordinal="0" offset="208" sl="43" sc="9" el="43" ec="9" bec="0" bev="0" fileid="21" />
                <SequencePoint vc="1" uspid="1092" ordinal="0" offset="240" sl="44" sc="9" el="44" ec="9" bec="0" bev="0" fileid="21" />
                <SequencePoint vc="1" uspid="1093" ordinal="0" offset="273" sl="45" sc="9" el="45" ec="9" bec="0" bev="0" fileid="21" />
                <SequencePoint vc="1" uspid="1094" ordinal="0" offset="290" sl="46" sc="9" el="46" ec="9" bec="0" bev="0" fileid="21" />
                <SequencePoint vc="1" uspid="1095" ordinal="0" offset="327" sl="48" sc="9" el="48" ec="9" bec="0" bev="0" fileid="21" />
                <SequencePoint vc="1" uspid="1096" ordinal="0" offset="364" sl="49" sc="9" el="49" ec="9" bec="0" bev="0" fileid="21" />
                <SequencePoint vc="1" uspid="1097" ordinal="0" offset="396" sl="50" sc="9" el="50" ec="9" bec="0" bev="0" fileid="21" />
                <SequencePoint vc="1" uspid="1098" ordinal="0" offset="429" sl="51" sc="9" el="51" ec="9" bec="0" bev="0" fileid="21" />
                <SequencePoint vc="1" uspid="1099" ordinal="0" offset="446" sl="52" sc="9" el="52" ec="9" bec="0" bev="0" fileid="21" />
                <SequencePoint vc="1" uspid="1100" ordinal="0" offset="483" sl="53" sc="5" el="53" ec="5" bec="0" bev="0" fileid="21" />
              </SequencePoints>
              <BranchPoints />
            </Method>
          </Methods>
        </Class>
        <Class>
          <Summary numSequencePoints="17" visitedSequencePoints="17" numBranchPoints="0" visitedBranchPoints="0" sequenceCoverage="100.0" branchCoverage="0.0" maxCyclomaticComplexity="0" minCyclomaticComplexity="0" maxCrapScore="0" minCrapScore="0" visitedClasses="1" numClasses="1" visitedMethods="1" numMethods="1" />
          <FullName>Bullet_Test/&lt;Rocket_InstatiateTest&gt;d__0</FullName>
          <Methods>
            <Method visited="true" cyclomaticComplexity="0" nPathComplexity="0" sequenceCoverage="100.0" branchCoverage="0" crapScore="0" isConstructor="false" isStatic="false" isGetter="false" isSetter="false">
              <Summary numSequencePoints="17" visitedSequencePoints="17" numBranchPoints="0" visitedBranchPoints="0" sequenceCoverage="100.0" branchCoverage="0" maxCyclomaticComplexity="0" minCyclomaticComplexity="0" maxCrapScore="0" minCrapScore="0" visitedClasses="0" numClasses="0" visitedMethods="1" numMethods="1" />
              <MetadataToken>100663323</MetadataToken>
              <Name>System.Boolean Bullet_Test/&lt;Rocket_InstatiateTest&gt;d__0::MoveNext()</Name>
              <FileRef uid="21" />
              <SequencePoints>
                <SequencePoint vc="1" uspid="1101" ordinal="0" offset="72" sl="13" sc="5" el="13" ec="5" bec="0" bev="0" fileid="21" />
                <SequencePoint vc="1" uspid="1102" ordinal="0" offset="73" sl="14" sc="9" el="14" ec="9" bec="0" bev="0" fileid="21" />
                <SequencePoint vc="1" uspid="1103" ordinal="0" offset="105" sl="15" sc="9" el="15" ec="9" bec="0" bev="0" fileid="21" />
                <SequencePoint vc="1" uspid="1104" ordinal="0" offset="121" sl="16" sc="9" el="16" ec="9" bec="0" bev="0" fileid="21" />
                <SequencePoint vc="1" uspid="1105" ordinal="0" offset="137" sl="17" sc="9" el="17" ec="9" bec="0" bev="0" fileid="21" />
                <SequencePoint vc="1" uspid="1106" ordinal="0" offset="154" sl="18" sc="9" el="18" ec="9" bec="0" bev="0" fileid="21" />
                <SequencePoint vc="1" uspid="1107" ordinal="0" offset="171" sl="20" sc="9" el="20" ec="9" bec="0" bev="0" fileid="21" />
                <SequencePoint vc="1" uspid="1108" ordinal="0" offset="208" sl="21" sc="9" el="21" ec="9" bec="0" bev="0" fileid="21" />
                <SequencePoint vc="1" uspid="1109" ordinal="0" offset="240" sl="22" sc="9" el="22" ec="9" bec="0" bev="0" fileid="21" />
                <SequencePoint vc="1" uspid="1110" ordinal="0" offset="273" sl="23" sc="9" el="23" ec="9" bec="0" bev="0" fileid="21" />
                <SequencePoint vc="1" uspid="1111" ordinal="0" offset="290" sl="24" sc="9" el="24" ec="9" bec="0" bev="0" fileid="21" />
                <SequencePoint vc="1" uspid="1112" ordinal="0" offset="327" sl="26" sc="9" el="26" ec="9" bec="0" bev="0" fileid="21" />
                <SequencePoint vc="1" uspid="1113" ordinal="0" offset="364" sl="27" sc="9" el="27" ec="9" bec="0" bev="0" fileid="21" />
                <SequencePoint vc="1" uspid="1114" ordinal="0" offset="396" sl="28" sc="9" el="28" ec="9" bec="0" bev="0" fileid="21" />
                <SequencePoint vc="1" uspid="1115" ordinal="0" offset="429" sl="29" sc="9" el="29" ec="9" bec="0" bev="0" fileid="21" />
                <SequencePoint vc="1" uspid="1116" ordinal="0" offset="446" sl="30" sc="9" el="30" ec="9" bec="0" bev="0" fileid="21" />
                <SequencePoint vc="1" uspid="1117" ordinal="0" offset="483" sl="31" sc="5" el="31" ec="5" bec="0" bev="0" fileid="21" />
              </SequencePoints>
              <BranchPoints />
            </Method>
          </Methods>
        </Class>
        <Class>
          <Summary numSequencePoints="8" visitedSequencePoints="8" numBranchPoints="0" visitedBranchPoints="0" sequenceCoverage="100.0" branchCoverage="0.0" maxCyclomaticComplexity="0" minCyclomaticComplexity="0" maxCrapScore="0" minCrapScore="0" visitedClasses="1" numClasses="1" visitedMethods="1" numMethods="1" />
          <FullName>TowerTesting/&lt;MultipleBarrel_ResponsiveTest&gt;d__1</FullName>
          <Methods>
            <Method visited="true" cyclomaticComplexity="0" nPathComplexity="0" sequenceCoverage="100.0" branchCoverage="0" crapScore="0" isConstructor="false" isStatic="false" isGetter="false" isSetter="false">
              <Summary numSequencePoints="8" visitedSequencePoints="8" numBranchPoints="0" visitedBranchPoints="0" sequenceCoverage="100.0" branchCoverage="0" maxCyclomaticComplexity="0" minCyclomaticComplexity="0" maxCrapScore="0" minCrapScore="0" visitedClasses="0" numClasses="0" visitedMethods="1" numMethods="1" />
              <MetadataToken>100663329</MetadataToken>
              <Name>System.Boolean TowerTesting/&lt;MultipleBarrel_ResponsiveTest&gt;d__1::MoveNext()</Name>
              <FileRef uid="22" />
              <SequencePoints>
                <SequencePoint vc="1" uspid="1118" ordinal="0" offset="45" sl="25" sc="5" el="25" ec="5" bec="0" bev="0" fileid="22" />
                <SequencePoint vc="1" uspid="1119" ordinal="0" offset="46" sl="26" sc="9" el="26" ec="9" bec="0" bev="0" fileid="22" />
                <SequencePoint vc="1" uspid="1120" ordinal="0" offset="78" sl="27" sc="9" el="27" ec="9" bec="0" bev="0" fileid="22" />
                <SequencePoint vc="1" uspid="1121" ordinal="0" offset="94" sl="28" sc="9" el="28" ec="9" bec="0" bev="0" fileid="22" />
                <SequencePoint vc="1" uspid="1122" ordinal="0" offset="111" sl="29" sc="9" el="29" ec="9" bec="0" bev="0" fileid="22" />
                <SequencePoint vc="1" uspid="1123" ordinal="0" offset="148" sl="30" sc="9" el="30" ec="9" bec="0" bev="0" fileid="22" />
                <SequencePoint vc="1" uspid="1124" ordinal="0" offset="180" sl="31" sc="9" el="31" ec="9" bec="0" bev="0" fileid="22" />
                <SequencePoint vc="1" uspid="1125" ordinal="0" offset="197" sl="32" sc="5" el="32" ec="5" bec="0" bev="0" fileid="22" />
              </SequencePoints>
              <BranchPoints />
            </Method>
          </Methods>
        </Class>
        <Class>
          <Summary numSequencePoints="7" visitedSequencePoints="7" numBranchPoints="0" visitedBranchPoints="0" sequenceCoverage="100.0" branchCoverage="0.0" maxCyclomaticComplexity="0" minCyclomaticComplexity="0" maxCrapScore="0" minCrapScore="0" visitedClasses="1" numClasses="1" visitedMethods="1" numMethods="1" />
          <FullName>TowerTesting/&lt;NoResponseTest&gt;d__4</FullName>
          <Methods>
            <Method visited="true" cyclomaticComplexity="0" nPathComplexity="0" sequenceCoverage="100.0" branchCoverage="0" crapScore="0" isConstructor="false" isStatic="false" isGetter="false" isSetter="false">
              <Summary numSequencePoints="7" visitedSequencePoints="7" numBranchPoints="0" visitedBranchPoints="0" sequenceCoverage="100.0" branchCoverage="0" maxCyclomaticComplexity="0" minCyclomaticComplexity="0" maxCrapScore="0" minCrapScore="0" visitedClasses="0" numClasses="0" visitedMethods="1" numMethods="1" />
              <MetadataToken>100663335</MetadataToken>
              <Name>System.Boolean TowerTesting/&lt;NoResponseTest&gt;d__4::MoveNext()</Name>
              <FileRef uid="22" />
              <SequencePoints>
                <SequencePoint vc="1" uspid="1126" ordinal="0" offset="42" sl="58" sc="5" el="58" ec="5" bec="0" bev="0" fileid="22" />
                <SequencePoint vc="1" uspid="1127" ordinal="0" offset="43" sl="59" sc="9" el="59" ec="9" bec="0" bev="0" fileid="22" />
                <SequencePoint vc="1" uspid="1128" ordinal="0" offset="75" sl="60" sc="9" el="60" ec="9" bec="0" bev="0" fileid="22" />
                <SequencePoint vc="1" uspid="1129" ordinal="0" offset="91" sl="61" sc="9" el="61" ec="9" bec="0" bev="0" fileid="22" />
                <SequencePoint vc="1" uspid="1130" ordinal="0" offset="108" sl="62" sc="9" el="62" ec="9" bec="0" bev="0" fileid="22" />
                <SequencePoint vc="1" uspid="1131" ordinal="0" offset="140" sl="63" sc="9" el="63" ec="9" bec="0" bev="0" fileid="22" />
                <SequencePoint vc="1" uspid="1132" ordinal="0" offset="157" sl="64" sc="5" el="64" ec="5" bec="0" bev="0" fileid="22" />
              </SequencePoints>
              <BranchPoints />
            </Method>
          </Methods>
        </Class>
        <Class>
          <Summary numSequencePoints="8" visitedSequencePoints="8" numBranchPoints="0" visitedBranchPoints="0" sequenceCoverage="100.0" branchCoverage="0.0" maxCyclomaticComplexity="0" minCyclomaticComplexity="0" maxCrapScore="0" minCrapScore="0" visitedClasses="1" numClasses="1" visitedMethods="1" numMethods="1" />
          <FullName>TowerTesting/&lt;OneBarrel_ResponsiveTest&gt;d__0</FullName>
          <Methods>
            <Method visited="true" cyclomaticComplexity="0" nPathComplexity="0" sequenceCoverage="100.0" branchCoverage="0" crapScore="0" isConstructor="false" isStatic="false" isGetter="false" isSetter="false">
              <Summary numSequencePoints="8" visitedSequencePoints="8" numBranchPoints="0" visitedBranchPoints="0" sequenceCoverage="100.0" branchCoverage="0" maxCyclomaticComplexity="0" minCyclomaticComplexity="0" maxCrapScore="0" minCrapScore="0" visitedClasses="0" numClasses="0" visitedMethods="1" numMethods="1" />
              <MetadataToken>100663341</MetadataToken>
              <Name>System.Boolean TowerTesting/&lt;OneBarrel_ResponsiveTest&gt;d__0::MoveNext()</Name>
              <FileRef uid="22" />
              <SequencePoints>
                <SequencePoint vc="1" uspid="1133" ordinal="0" offset="45" sl="14" sc="5" el="14" ec="5" bec="0" bev="0" fileid="22" />
                <SequencePoint vc="1" uspid="1134" ordinal="0" offset="46" sl="15" sc="9" el="15" ec="9" bec="0" bev="0" fileid="22" />
                <SequencePoint vc="1" uspid="1135" ordinal="0" offset="78" sl="16" sc="9" el="16" ec="9" bec="0" bev="0" fileid="22" />
                <SequencePoint vc="1" uspid="1136" ordinal="0" offset="94" sl="17" sc="9" el="17" ec="9" bec="0" bev="0" fileid="22" />
                <SequencePoint vc="1" uspid="1137" ordinal="0" offset="111" sl="18" sc="9" el="18" ec="9" bec="0" bev="0" fileid="22" />
                <SequencePoint vc="1" uspid="1138" ordinal="0" offset="148" sl="19" sc="9" el="19" ec="9" bec="0" bev="0" fileid="22" />
                <SequencePoint vc="1" uspid="1139" ordinal="0" offset="180" sl="20" sc="9" el="20" ec="9" bec="0" bev="0" fileid="22" />
                <SequencePoint vc="1" uspid="1140" ordinal="0" offset="197" sl="21" sc="5" el="21" ec="5" bec="0" bev="0" fileid="22" />
              </SequencePoints>
              <BranchPoints />
            </Method>
          </Methods>
        </Class>
        <Class>
          <Summary numSequencePoints="8" visitedSequencePoints="8" numBranchPoints="0" visitedBranchPoints="0" sequenceCoverage="100.0" branchCoverage="0.0" maxCyclomaticComplexity="0" minCyclomaticComplexity="0" maxCrapScore="0" minCrapScore="0" visitedClasses="1" numClasses="1" visitedMethods="1" numMethods="1" />
          <FullName>TowerTesting/&lt;RocketStage2_ResponsiveTest&gt;d__2</FullName>
          <Methods>
            <Method visited="true" cyclomaticComplexity="0" nPathComplexity="0" sequenceCoverage="100.0" branchCoverage="0" crapScore="0" isConstructor="false" isStatic="false" isGetter="false" isSetter="false">
              <Summary numSequencePoints="8" visitedSequencePoints="8" numBranchPoints="0" visitedBranchPoints="0" sequenceCoverage="100.0" branchCoverage="0" maxCyclomaticComplexity="0" minCyclomaticComplexity="0" maxCrapScore="0" minCrapScore="0" visitedClasses="0" numClasses="0" visitedMethods="1" numMethods="1" />
              <MetadataToken>100663347</MetadataToken>
              <Name>System.Boolean TowerTesting/&lt;RocketStage2_ResponsiveTest&gt;d__2::MoveNext()</Name>
              <FileRef uid="22" />
              <SequencePoints>
                <SequencePoint vc="1" uspid="1141" ordinal="0" offset="45" sl="36" sc="5" el="36" ec="5" bec="0" bev="0" fileid="22" />
                <SequencePoint vc="1" uspid="1142" ordinal="0" offset="46" sl="37" sc="9" el="37" ec="9" bec="0" bev="0" fileid="22" />
                <SequencePoint vc="1" uspid="1143" ordinal="0" offset="78" sl="38" sc="9" el="38" ec="9" bec="0" bev="0" fileid="22" />
                <SequencePoint vc="1" uspid="1144" ordinal="0" offset="94" sl="39" sc="9" el="39" ec="9" bec="0" bev="0" fileid="22" />
                <SequencePoint vc="1" uspid="1145" ordinal="0" offset="111" sl="40" sc="9" el="40" ec="9" bec="0" bev="0" fileid="22" />
                <SequencePoint vc="1" uspid="1146" ordinal="0" offset="148" sl="41" sc="9" el="41" ec="9" bec="0" bev="0" fileid="22" />
                <SequencePoint vc="1" uspid="1147" ordinal="0" offset="180" sl="42" sc="9" el="42" ec="9" bec="0" bev="0" fileid="22" />
                <SequencePoint vc="1" uspid="1148" ordinal="0" offset="197" sl="43" sc="5" el="43" ec="5" bec="0" bev="0" fileid="22" />
              </SequencePoints>
              <BranchPoints />
            </Method>
          </Methods>
        </Class>
        <Class>
          <Summary numSequencePoints="8" visitedSequencePoints="8" numBranchPoints="0" visitedBranchPoints="0" sequenceCoverage="100.0" branchCoverage="0.0" maxCyclomaticComplexity="0" minCyclomaticComplexity="0" maxCrapScore="0" minCrapScore="0" visitedClasses="1" numClasses="1" visitedMethods="1" numMethods="1" />
          <FullName>TowerTesting/&lt;RocketStage3_ResponsiveTest&gt;d__3</FullName>
          <Methods>
            <Method visited="true" cyclomaticComplexity="0" nPathComplexity="0" sequenceCoverage="100.0" branchCoverage="0" crapScore="0" isConstructor="false" isStatic="false" isGetter="false" isSetter="false">
              <Summary numSequencePoints="8" visitedSequencePoints="8" numBranchPoints="0" visitedBranchPoints="0" sequenceCoverage="100.0" branchCoverage="0" maxCyclomaticComplexity="0" minCyclomaticComplexity="0" maxCrapScore="0" minCrapScore="0" visitedClasses="0" numClasses="0" visitedMethods="1" numMethods="1" />
              <MetadataToken>100663353</MetadataToken>
              <Name>System.Boolean TowerTesting/&lt;RocketStage3_ResponsiveTest&gt;d__3::MoveNext()</Name>
              <FileRef uid="22" />
              <SequencePoints>
                <SequencePoint vc="1" uspid="1149" ordinal="0" offset="45" sl="47" sc="5" el="47" ec="5" bec="0" bev="0" fileid="22" />
                <SequencePoint vc="1" uspid="1150" ordinal="0" offset="46" sl="48" sc="9" el="48" ec="9" bec="0" bev="0" fileid="22" />
                <SequencePoint vc="1" uspid="1151" ordinal="0" offset="78" sl="49" sc="9" el="49" ec="9" bec="0" bev="0" fileid="22" />
                <SequencePoint vc="1" uspid="1152" ordinal="0" offset="94" sl="50" sc="9" el="50" ec="9" bec="0" bev="0" fileid="22" />
                <SequencePoint vc="1" uspid="1153" ordinal="0" offset="111" sl="51" sc="9" el="51" ec="9" bec="0" bev="0" fileid="22" />
                <SequencePoint vc="1" uspid="1154" ordinal="0" offset="148" sl="52" sc="9" el="52" ec="9" bec="0" bev="0" fileid="22" />
                <SequencePoint vc="1" uspid="1155" ordinal="0" offset="180" sl="53" sc="9" el="53" ec="9" bec="0" bev="0" fileid="22" />
                <SequencePoint vc="1" uspid="1156" ordinal="0" offset="197" sl="54" sc="5" el="54" ec="5" bec="0" bev="0" fileid="22" />
              </SequencePoints>
              <BranchPoints />
            </Method>
          </Methods>
        </Class>
      </Classes>
    </Module>
  </Modules>
</CoverageSession>